1xxxx
cuda_name: cuda
Learning rate:  0.0005
Epochs:  1
data1/processed/L_P_test_neg.ptxxxxxxxxxxx
Pre-processed data found: data1/processed/L_P_test_neg.pt, loading ...
data1/processed/L_P_test_pos.ptxxxxxxxxxxx
Pre-processed data found: data1/processed/L_P_test_pos.pt, loading ...
489 1179
GeForce RTX 2080 Ti
True
Training on 1668 samples...
78xxxxxx
Traceback (most recent call last):
  File "training_nn3_load_name.py", line 138, in <module>
    model = torch.load('full_model_out2000.model')
  File "/home/zhanghaiping/anaconda2/envs/GraphDTA/lib/python3.6/site-packages/torch/serialization.py", line 525, in load
    with _open_file_like(f, 'rb') as opened_file:
  File "/home/zhanghaiping/anaconda2/envs/GraphDTA/lib/python3.6/site-packages/torch/serialization.py", line 212, in _open_file_like
    return _open_file(name_or_buffer, mode)
  File "/home/zhanghaiping/anaconda2/envs/GraphDTA/lib/python3.6/site-packages/torch/serialization.py", line 193, in __init__
    super(_open_file, self).__init__(open(name, mode))
FileNotFoundError: [Errno 2] No such file or directory: 'full_model_out2000.model'
1xxxx
cuda_name: cuda
Learning rate:  0.0005
Epochs:  1
data1/processed/L_P_test_neg.ptxxxxxxxxxxx
Pre-processed data found: data1/processed/L_P_test_neg.pt, loading ...
data1/processed/L_P_test_pos.ptxxxxxxxxxxx
Pre-processed data found: data1/processed/L_P_test_pos.pt, loading ...
489 1179
GeForce RTX 2080 Ti
True
Training on 1668 samples...
78xxxxxx
Make prediction for 1668 samples...
0.0 6.75675e-29 ['P29274_ZZHJUEORHRSICM-VZVWNTEVSA-N']
1.0 0.037701987 ['P29274_ZZHJUEORHRSICM-VZVWNTEVSA-N']
0.0 0.0 ['P29274_ZZHJUEORHRSICM-VZVWNTEVSA-N']
1.0 0.9170658 ['P29274_ZZHJUEORHRSICM-VZVWNTEVSA-N']
0.0 3.2407992e-14 ['P29274_ZZHJUEORHRSICM-VZVWNTEVSA-N']
0.0 3.596424e-33 ['P29274_ZZHJUEORHRSICM-VZVWNTEVSA-N']
0.0 2.3771836e-24 ['P29274_ZZHJUEORHRSICM-VZVWNTEVSA-N']
0.0 8.5360435e-13 ['P29274_ZZHJUEORHRSICM-VZVWNTEVSA-N']
0.0 1.0032605e-20 ['P29274_ZZHJUEORHRSICM-VZVWNTEVSA-N']
1.0 0.0 ['P29274_ZZHJUEORHRSICM-VZVWNTEVSA-N']
0.0 2.9027374e-16 ['P29274_ZZHJUEORHRSICM-VZVWNTEVSA-N']
0.0 0.0 ['P29274_ZZHJUEORHRSICM-VZVWNTEVSA-N']
1.0 1.0 ['P29274_ZZHJUEORHRSICM-VZVWNTEVSA-N']
1.0 1.0830071e-13 ['P29274_ZZHJUEORHRSICM-VZVWNTEVSA-N']
0.0 0.0013958414 ['P29274_ZZHJUEORHRSICM-VZVWNTEVSA-N']
1.0 5.8353816e-21 ['P29274_ZZHJUEORHRSICM-VZVWNTEVSA-N']
1.0 0.7923464 ['P29274_ZZHJUEORHRSICM-VZVWNTEVSA-N']
1.0 5.893542e-15 ['P29274_ZZHJUEORHRSICM-VZVWNTEVSA-N']
0.0 8.516452e-08 ['P29274_ZZHJUEORHRSICM-VZVWNTEVSA-N']
1.0 0.98898286 ['P29274_ZZHJUEORHRSICM-VZVWNTEVSA-N']
0.0 1.0 ['P29274_ZZHJUEORHRSICM-VZVWNTEVSA-N']
0.0 6.2926344e-12 ['P29274_ZZHJUEORHRSICM-VZVWNTEVSA-N']
0.0 1.1865528e-20 ['P29274_ZZHJUEORHRSICM-VZVWNTEVSA-N']
0.0 0.027448768 ['P29274_ZZHJUEORHRSICM-VZVWNTEVSA-N']
1.0 8.3524455e-08 ['P29274_ZZHJUEORHRSICM-VZVWNTEVSA-N']
0.0 4.8627653e-16 ['P29274_ZZHJUEORHRSICM-VZVWNTEVSA-N']
0.0 0.0 ['P29274_ZZHJUEORHRSICM-VZVWNTEVSA-N']
0.0 0.8590238 ['P29274_ZZHJUEORHRSICM-VZVWNTEVSA-N']
1.0 4.6643076e-16 ['P29274_ZZHJUEORHRSICM-VZVWNTEVSA-N']
0.0 0.0 ['P29274_ZZHJUEORHRSICM-VZVWNTEVSA-N']
0.0 0.9999505 ['P29274_ZZHJUEORHRSICM-VZVWNTEVSA-N']
0.0 1.2947064e-18 ['P29274_ZZHJUEORHRSICM-VZVWNTEVSA-N']
0.0 2.1955078e-11 ['P29274_ZZHJUEORHRSICM-VZVWNTEVSA-N']
0.0 2.349213e-37 ['P29274_ZZHJUEORHRSICM-VZVWNTEVSA-N']
1.0 3.7160865e-16 ['P29274_ZZHJUEORHRSICM-VZVWNTEVSA-N']
1.0 0.95299727 ['P29274_ZZHJUEORHRSICM-VZVWNTEVSA-N']
0.0 5.114877e-21 ['P29274_ZZHJUEORHRSICM-VZVWNTEVSA-N']
0.0 4.930264e-33 ['P29274_ZZHJUEORHRSICM-VZVWNTEVSA-N']
0.0 1.0641329e-23 ['P29274_ZZHJUEORHRSICM-VZVWNTEVSA-N']
1.0 5.0447797e-13 ['P29274_ZZHJUEORHRSICM-VZVWNTEVSA-N']
1.0 2.3679328e-10 ['P29274_ZZHJUEORHRSICM-VZVWNTEVSA-N']
1.0 3.94439e-07 ['P29274_ZZHJUEORHRSICM-VZVWNTEVSA-N']
1.0 8.9847883e-13 ['P29274_ZZHJUEORHRSICM-VZVWNTEVSA-N']
0.0 3.7684695e-09 ['P29274_ZZHJUEORHRSICM-VZVWNTEVSA-N']
1.0 4.288805e-06 ['P29274_ZZHJUEORHRSICM-VZVWNTEVSA-N']
0.0 7.5083675e-11 ['P29274_ZZHJUEORHRSICM-VZVWNTEVSA-N']
0.0 5.340039e-28 ['P29274_ZZHJUEORHRSICM-VZVWNTEVSA-N']
0.0 5.849574e-15 ['P29274_ZZHJUEORHRSICM-VZVWNTEVSA-N']
0.0 3.1145764e-15 ['P29274_ZZHJUEORHRSICM-VZVWNTEVSA-N']
0.0 9.237055e-33 ['P29274_ZZHJUEORHRSICM-VZVWNTEVSA-N']
0.0 1.0 ['P29274_ZZHJUEORHRSICM-VZVWNTEVSA-N']
1.0 0.004811465 ['P29274_ZZHJUEORHRSICM-VZVWNTEVSA-N']
1.0 6.0273883e-06 ['P29274_ZZHJUEORHRSICM-VZVWNTEVSA-N']
0.0 2.0594984e-36 ['P29274_ZZHJUEORHRSICM-VZVWNTEVSA-N']
0.0 3.1549434e-32 ['P29274_ZZHJUEORHRSICM-VZVWNTEVSA-N']
0.0 2.3649414e-09 ['P29274_ZZHJUEORHRSICM-VZVWNTEVSA-N']
0.0 8.1033186e-15 ['P29274_ZZHJUEORHRSICM-VZVWNTEVSA-N']
1.0 3.140908e-08 ['P29274_ZZHJUEORHRSICM-VZVWNTEVSA-N']
1.0 1.2273807e-10 ['P29274_ZZHJUEORHRSICM-VZVWNTEVSA-N']
0.0 5.333809e-13 ['P29274_ZZHJUEORHRSICM-VZVWNTEVSA-N']
1.0 9.382967e-14 ['P29274_ZZHJUEORHRSICM-VZVWNTEVSA-N']
0.0 0.0 ['P29274_ZZHJUEORHRSICM-VZVWNTEVSA-N']
0.0 7.2217303e-19 ['P29274_ZZHJUEORHRSICM-VZVWNTEVSA-N']
0.0 1.0 ['P29274_ZZHJUEORHRSICM-VZVWNTEVSA-N']
1.0 7.1578756e-09 ['P29274_ZZHJUEORHRSICM-VZVWNTEVSA-N']
1.0 1.0 ['P29274_ZZHJUEORHRSICM-VZVWNTEVSA-N']
0.0 5.5731395e-11 ['P29274_ZZHJUEORHRSICM-VZVWNTEVSA-N']
0.0 5.4831513e-36 ['P29274_ZZHJUEORHRSICM-VZVWNTEVSA-N']
0.0 1.8653209e-07 ['P29274_ZZHJUEORHRSICM-VZVWNTEVSA-N']
0.0 1.9708099e-05 ['P29274_ZZHJUEORHRSICM-VZVWNTEVSA-N']
0.0 2.1238446e-21 ['P29274_ZZHJUEORHRSICM-VZVWNTEVSA-N']
0.0 0.13902198 ['P29274_ZZHJUEORHRSICM-VZVWNTEVSA-N']
0.0 0.3559997 ['P29274_ZZHJUEORHRSICM-VZVWNTEVSA-N']
0.0 4.664782e-26 ['P29274_ZZHJUEORHRSICM-VZVWNTEVSA-N']
0.0 1.6792288e-20 ['P29274_ZZHJUEORHRSICM-VZVWNTEVSA-N']
0.0 0.039416045 ['P29274_ZZHJUEORHRSICM-VZVWNTEVSA-N']
0.0 2.8283265e-13 ['P29274_ZZHJUEORHRSICM-VZVWNTEVSA-N']
1.0 1.0 ['P29274_ZZHJUEORHRSICM-VZVWNTEVSA-N']
0.0 2.4280501e-23 ['P29274_ZZHJUEORHRSICM-VZVWNTEVSA-N']
0.0 1.0009695e-30 ['P29274_ZZHJUEORHRSICM-VZVWNTEVSA-N']
1.0 0.97106636 ['P29274_ZZHJUEORHRSICM-VZVWNTEVSA-N']
1.0 1.3601375e-13 ['P29274_ZZHJUEORHRSICM-VZVWNTEVSA-N']
0.0 5.9338666e-11 ['P29274_ZZHJUEORHRSICM-VZVWNTEVSA-N']
0.0 0.6782067 ['P29274_ZZHJUEORHRSICM-VZVWNTEVSA-N']
1.0 0.9990735 ['P29274_ZZHJUEORHRSICM-VZVWNTEVSA-N']
0.0 2.2383337e-07 ['P29274_ZZHJUEORHRSICM-VZVWNTEVSA-N']
0.0 2.9022128e-19 ['P29274_ZZHJUEORHRSICM-VZVWNTEVSA-N']
1.0 1.0 ['P29274_ZZHJUEORHRSICM-VZVWNTEVSA-N']
0.0 0.86383677 ['P29274_ZZHJUEORHRSICM-VZVWNTEVSA-N']
0.0 5.1791452e-05 ['P29274_ZZHJUEORHRSICM-VZVWNTEVSA-N']
0.0 8.115285e-39 ['P29274_ZZHJUEORHRSICM-VZVWNTEVSA-N']
1.0 0.00033592866 ['P29274_ZZHJUEORHRSICM-VZVWNTEVSA-N']
0.0 2.3391877e-38 ['P29274_ZZHJUEORHRSICM-VZVWNTEVSA-N']
0.0 1.06900756e-11 ['P29274_ZZHJUEORHRSICM-VZVWNTEVSA-N']
0.0 0.0 ['P29274_ZZHJUEORHRSICM-VZVWNTEVSA-N']
0.0 1.3584645e-29 ['P29274_ZZHJUEORHRSICM-VZVWNTEVSA-N']
1.0 1.0 ['P29274_ZZHJUEORHRSICM-VZVWNTEVSA-N']
0.0 1.1984515e-15 ['P29274_ZZHJUEORHRSICM-VZVWNTEVSA-N']
0.0 8.6620365e-13 ['P29274_ZZHJUEORHRSICM-VZVWNTEVSA-N']
0.0 8.173531e-18 ['P29274_ZZHJUEORHRSICM-VZVWNTEVSA-N']
1.0 1.0391372e-08 ['P29274_ZZHJUEORHRSICM-VZVWNTEVSA-N']
0.0 0.0 ['P29274_ZZHJUEORHRSICM-VZVWNTEVSA-N']
1.0 3.2392752e-06 ['P29274_ZZHJUEORHRSICM-VZVWNTEVSA-N']
0.0 3.0513878e-23 ['P29274_ZZHJUEORHRSICM-VZVWNTEVSA-N']
1.0 0.99800926 ['P29274_ZZHJUEORHRSICM-VZVWNTEVSA-N']
0.0 1.2698229e-09 ['P29274_ZZHJUEORHRSICM-VZVWNTEVSA-N']
0.0 0.07116088 ['P29274_ZZHJUEORHRSICM-VZVWNTEVSA-N']
1.0 1.1435487e-11 ['P29274_ZZHJUEORHRSICM-VZVWNTEVSA-N']
0.0 1.5857101e-31 ['P29274_ZZHJUEORHRSICM-VZVWNTEVSA-N']
0.0 3.461286e-26 ['P29274_ZZHJUEORHRSICM-VZVWNTEVSA-N']
0.0 1.096463e-17 ['P29274_ZZHJUEORHRSICM-VZVWNTEVSA-N']
0.0 0.0 ['P29274_ZZHJUEORHRSICM-VZVWNTEVSA-N']
0.0 0.0 ['P29274_ZZHJUEORHRSICM-VZVWNTEVSA-N']
0.0 1.2547254e-31 ['P29274_ZZHJUEORHRSICM-VZVWNTEVSA-N']
0.0 2.3759307e-18 ['P29274_ZZHJUEORHRSICM-VZVWNTEVSA-N']
0.0 4.632747e-37 ['P29274_ZZHJUEORHRSICM-VZVWNTEVSA-N']
1.0 0.00039228686 ['P29274_ZZHJUEORHRSICM-VZVWNTEVSA-N']
1.0 1.0 ['P29274_ZZHJUEORHRSICM-VZVWNTEVSA-N']
0.0 0.2867099 ['P29274_ZZHJUEORHRSICM-VZVWNTEVSA-N']
0.0 1.5393765e-07 ['P29274_ZZHJUEORHRSICM-VZVWNTEVSA-N']
0.0 3.9986328e-14 ['P29274_ZZHJUEORHRSICM-VZVWNTEVSA-N']
0.0 1.4139809e-11 ['P29274_ZZHJUEORHRSICM-VZVWNTEVSA-N']
1.0 5.826014e-22 ['P29274_ZZHJUEORHRSICM-VZVWNTEVSA-N']
0.0 2.189692e-21 ['P29274_ZZHJUEORHRSICM-VZVWNTEVSA-N']
0.0 4.3357893e-30 ['P29274_ZZHJUEORHRSICM-VZVWNTEVSA-N']
1.0 0.99755317 ['P29274_ZZHJUEORHRSICM-VZVWNTEVSA-N']
0.0 0.0 ['P29274_ZZHJUEORHRSICM-VZVWNTEVSA-N']
1.0 2.4717019e-23 ['P29274_ZZHJUEORHRSICM-VZVWNTEVSA-N']
1.0 0.236359 ['P29274_ZZHJUEORHRSICM-VZVWNTEVSA-N']
1.0 7.483812e-09 ['P29274_ZZHJUEORHRSICM-VZVWNTEVSA-N']
1.0 1.7006859e-06 ['P29274_ZZHJUEORHRSICM-VZVWNTEVSA-N']
0.0 1.0 ['P29274_ZZHJUEORHRSICM-VZVWNTEVSA-N']
1.0 4.8876173e-06 ['P29274_ZZHJUEORHRSICM-VZVWNTEVSA-N']
0.0 1.0 ['P29274_ZZHJUEORHRSICM-VZVWNTEVSA-N']
1.0 2.0346013e-16 ['P29274_ZZHJUEORHRSICM-VZVWNTEVSA-N']
0.0 1.4413586e-21 ['P29274_ZZHJUEORHRSICM-VZVWNTEVSA-N']
0.0 1.6175818e-26 ['P29274_ZZHJUEORHRSICM-VZVWNTEVSA-N']
0.0 5.9463342e-05 ['P29274_ZZHJUEORHRSICM-VZVWNTEVSA-N']
0.0 4.439522e-16 ['P29274_ZZHJUEORHRSICM-VZVWNTEVSA-N']
0.0 1.0 ['P29274_ZZHJUEORHRSICM-VZVWNTEVSA-N']
1.0 3.0845963e-19 ['P29274_ZZHJUEORHRSICM-VZVWNTEVSA-N']
1.0 2.0270517e-20 ['P29274_ZZHJUEORHRSICM-VZVWNTEVSA-N']
1.0 0.0007078312 ['P29274_ZZHJUEORHRSICM-VZVWNTEVSA-N']
1.0 1.0 ['P29274_ZZHJUEORHRSICM-VZVWNTEVSA-N']
0.0 0.0010818209 ['P29274_ZZHJUEORHRSICM-VZVWNTEVSA-N']
0.0 0.0 ['P29274_ZZHJUEORHRSICM-VZVWNTEVSA-N']
0.0 0.00017451456 ['P29274_ZZHJUEORHRSICM-VZVWNTEVSA-N']
1.0 2.0561814e-25 ['P29274_ZZHJUEORHRSICM-VZVWNTEVSA-N']
0.0 1.0 ['P29274_ZZHJUEORHRSICM-VZVWNTEVSA-N']
0.0 4.998273e-23 ['P29274_ZZHJUEORHRSICM-VZVWNTEVSA-N']
1.0 1.0 ['P29274_ZZHJUEORHRSICM-VZVWNTEVSA-N']
1.0 1.1157882e-09 ['P29274_ZZHJUEORHRSICM-VZVWNTEVSA-N']
1.0 2.2420338e-17 ['P29274_ZZHJUEORHRSICM-VZVWNTEVSA-N']
1.0 1.5401157e-16 ['P29274_ZZHJUEORHRSICM-VZVWNTEVSA-N']
0.0 0.9121022 ['P29274_ZZHJUEORHRSICM-VZVWNTEVSA-N']
0.0 0.0 ['P29274_ZZHJUEORHRSICM-VZVWNTEVSA-N']
0.0 2.7366011e-06 ['P29274_ZZHJUEORHRSICM-VZVWNTEVSA-N']
0.0 7.88853e-13 ['P29274_ZZHJUEORHRSICM-VZVWNTEVSA-N']
0.0 3.2427373e-16 ['P29274_ZZHJUEORHRSICM-VZVWNTEVSA-N']
1.0 3.4837352e-28 ['P29274_ZZHJUEORHRSICM-VZVWNTEVSA-N']
0.0 2.5377277e-18 ['P29274_ZZHJUEORHRSICM-VZVWNTEVSA-N']
0.0 1.0 ['P29274_ZZHJUEORHRSICM-VZVWNTEVSA-N']
1.0 8.983387e-23 ['P29274_ZZHJUEORHRSICM-VZVWNTEVSA-N']
1.0 2.8845118e-17 ['P29274_ZZHJUEORHRSICM-VZVWNTEVSA-N']
0.0 3.716256e-24 ['P29274_ZZHJUEORHRSICM-VZVWNTEVSA-N']
0.0 2.426288e-33 ['P29274_ZZHJUEORHRSICM-VZVWNTEVSA-N']
1.0 0.99999857 ['P29274_ZZHJUEORHRSICM-VZVWNTEVSA-N']
1.0 1.0 ['P29274_ZZHJUEORHRSICM-VZVWNTEVSA-N']
0.0 1.9168492e-18 ['P29274_ZZHJUEORHRSICM-VZVWNTEVSA-N']
0.0 5.590837e-14 ['P29274_ZZHJUEORHRSICM-VZVWNTEVSA-N']
1.0 6.4092015e-30 ['P29274_ZZHJUEORHRSICM-VZVWNTEVSA-N']
0.0 2.7451175e-13 ['P29274_ZZHJUEORHRSICM-VZVWNTEVSA-N']
0.0 2.4898868e-26 ['P29274_ZZHJUEORHRSICM-VZVWNTEVSA-N']
1.0 8.197725e-12 ['P29274_ZZHJUEORHRSICM-VZVWNTEVSA-N']
0.0 9.6472545e-24 ['P29274_ZZHJUEORHRSICM-VZVWNTEVSA-N']
1.0 5.990576e-08 ['P29274_ZZHJUEORHRSICM-VZVWNTEVSA-N']
1.0 0.0014200507 ['P29274_ZZHJUEORHRSICM-VZVWNTEVSA-N']
0.0 2.5808017e-17 ['P29274_ZZHJUEORHRSICM-VZVWNTEVSA-N']
0.0 2.1411274e-13 ['P29274_ZZHJUEORHRSICM-VZVWNTEVSA-N']
0.0 1.5005286e-33 ['P29274_ZZHJUEORHRSICM-VZVWNTEVSA-N']
1.0 2.3359787e-22 ['P29274_ZZHJUEORHRSICM-VZVWNTEVSA-N']
0.0 0.0 ['P29274_ZZHJUEORHRSICM-VZVWNTEVSA-N']
1.0 1.0904032e-08 ['P29274_ZZHJUEORHRSICM-VZVWNTEVSA-N']
0.0 1.2680494e-12 ['P29274_ZZHJUEORHRSICM-VZVWNTEVSA-N']
1.0 2.9628237e-24 ['P29274_ZZHJUEORHRSICM-VZVWNTEVSA-N']
1.0 7.270161e-14 ['P29274_ZZHJUEORHRSICM-VZVWNTEVSA-N']
0.0 7.547665e-34 ['P29274_ZZHJUEORHRSICM-VZVWNTEVSA-N']
0.0 2.1433236e-19 ['P29274_ZZHJUEORHRSICM-VZVWNTEVSA-N']
0.0 8.5236894e-07 ['P29274_ZZHJUEORHRSICM-VZVWNTEVSA-N']
0.0 4.782338e-12 ['P29274_ZZHJUEORHRSICM-VZVWNTEVSA-N']
0.0 1.0 ['P29274_ZZHJUEORHRSICM-VZVWNTEVSA-N']
1.0 0.9998161 ['P29274_ZZHJUEORHRSICM-VZVWNTEVSA-N']
0.0 4.8245656e-06 ['P29274_ZZHJUEORHRSICM-VZVWNTEVSA-N']
0.0 1.0197209e-12 ['P29274_ZZHJUEORHRSICM-VZVWNTEVSA-N']
1.0 0.00017069299 ['P29274_ZZHJUEORHRSICM-VZVWNTEVSA-N']
0.0 2.8678084e-09 ['P29274_ZZHJUEORHRSICM-VZVWNTEVSA-N']
0.0 1.743092e-22 ['P29274_ZZHJUEORHRSICM-VZVWNTEVSA-N']
0.0 1.6946027e-08 ['P29274_ZZHJUEORHRSICM-VZVWNTEVSA-N']
1.0 1.0 ['P29274_ZZHJUEORHRSICM-VZVWNTEVSA-N']
1.0 0.99929345 ['P29274_ZZHJUEORHRSICM-VZVWNTEVSA-N']
1.0 1.7162115e-11 ['P29274_ZZHJUEORHRSICM-VZVWNTEVSA-N']
0.0 5.095285e-10 ['P29274_ZZHJUEORHRSICM-VZVWNTEVSA-N']
1.0 1.0 ['P29274_ZZHJUEORHRSICM-VZVWNTEVSA-N']
0.0 1.0 ['P29274_ZZHJUEORHRSICM-VZVWNTEVSA-N']
0.0 3.5929822e-18 ['P29274_ZZHJUEORHRSICM-VZVWNTEVSA-N']
0.0 4.140381e-15 ['P29274_ZZHJUEORHRSICM-VZVWNTEVSA-N']
0.0 1.7762153e-32 ['P29274_ZZHJUEORHRSICM-VZVWNTEVSA-N']
0.0 9.0114915e-17 ['P29274_ZZHJUEORHRSICM-VZVWNTEVSA-N']
0.0 2.6494122e-24 ['P29274_ZZHJUEORHRSICM-VZVWNTEVSA-N']
1.0 1.3407093e-05 ['P29274_ZZHJUEORHRSICM-VZVWNTEVSA-N']
0.0 0.42432207 ['P29274_ZZHJUEORHRSICM-VZVWNTEVSA-N']
0.0 8.075755e-24 ['P29274_ZZHJUEORHRSICM-VZVWNTEVSA-N']
0.0 6.92146e-09 ['P29274_ZZHJUEORHRSICM-VZVWNTEVSA-N']
0.0 5.8891143e-15 ['P29274_ZZHJUEORHRSICM-VZVWNTEVSA-N']
1.0 0.81392175 ['P29274_ZZHJUEORHRSICM-VZVWNTEVSA-N']
0.0 5.2158253e-11 ['P29274_ZZHJUEORHRSICM-VZVWNTEVSA-N']
0.0 7.3557987e-19 ['P29274_ZZHJUEORHRSICM-VZVWNTEVSA-N']
1.0 0.9999988 ['P29274_ZZHJUEORHRSICM-VZVWNTEVSA-N']
0.0 2.54339e-16 ['P29274_ZZHJUEORHRSICM-VZVWNTEVSA-N']
0.0 4.397767e-25 ['P29274_ZZHJUEORHRSICM-VZVWNTEVSA-N']
0.0 5.3300436e-14 ['P29274_ZZHJUEORHRSICM-VZVWNTEVSA-N']
0.0 0.0 ['P29274_ZZHJUEORHRSICM-VZVWNTEVSA-N']
0.0 1.2329781e-19 ['P29274_ZZHJUEORHRSICM-VZVWNTEVSA-N']
0.0 8.242267e-08 ['P29274_ZZHJUEORHRSICM-VZVWNTEVSA-N']
1.0 0.00043472456 ['P29274_ZZHJUEORHRSICM-VZVWNTEVSA-N']
0.0 3.6498104e-20 ['P29274_ZZHJUEORHRSICM-VZVWNTEVSA-N']
0.0 2.0746584e-13 ['P29274_ZZHJUEORHRSICM-VZVWNTEVSA-N']
0.0 1.0 ['P29274_ZZHJUEORHRSICM-VZVWNTEVSA-N']
1.0 7.770498e-24 ['P29274_ZZHJUEORHRSICM-VZVWNTEVSA-N']
1.0 0.9999597 ['P29274_ZZHJUEORHRSICM-VZVWNTEVSA-N']
0.0 4.256828e-07 ['P29274_ZZHJUEORHRSICM-VZVWNTEVSA-N']
0.0 1.53366e-17 ['P29274_ZZHJUEORHRSICM-VZVWNTEVSA-N']
0.0 1.1096268e-36 ['P29274_ZZHJUEORHRSICM-VZVWNTEVSA-N']
0.0 2.1109775e-36 ['P29274_ZZHJUEORHRSICM-VZVWNTEVSA-N']
1.0 0.00030290612 ['P29274_ZZHJUEORHRSICM-VZVWNTEVSA-N']
1.0 3.4178923e-13 ['P29274_ZZHJUEORHRSICM-VZVWNTEVSA-N']
0.0 1.8942138e-33 ['P29274_ZZHJUEORHRSICM-VZVWNTEVSA-N']
0.0 2.2276469e-29 ['P29274_ZZHJUEORHRSICM-VZVWNTEVSA-N']
0.0 1.0 ['P29274_ZZHJUEORHRSICM-VZVWNTEVSA-N']
0.0 0.0 ['P29274_ZZHJUEORHRSICM-VZVWNTEVSA-N']
1.0 0.0012732726 ['P29274_ZZHJUEORHRSICM-VZVWNTEVSA-N']
0.0 1.261553e-19 ['P29274_ZZHJUEORHRSICM-VZVWNTEVSA-N']
1.0 1.0 ['P29274_ZZHJUEORHRSICM-VZVWNTEVSA-N']
1.0 4.3395252e-13 ['P29274_ZZHJUEORHRSICM-VZVWNTEVSA-N']
1.0 1.7887089e-10 ['P29274_ZZHJUEORHRSICM-VZVWNTEVSA-N']
1.0 4.8023247e-21 ['P29274_ZZHJUEORHRSICM-VZVWNTEVSA-N']
1.0 0.00082114636 ['P29274_ZZHJUEORHRSICM-VZVWNTEVSA-N']
0.0 2.2318597e-12 ['P29274_ZZHJUEORHRSICM-VZVWNTEVSA-N']
0.0 9.408164e-21 ['P29274_ZZHJUEORHRSICM-VZVWNTEVSA-N']
0.0 1.0 ['P29274_ZZHJUEORHRSICM-VZVWNTEVSA-N']
1.0 0.008415273 ['P29274_ZZHJUEORHRSICM-VZVWNTEVSA-N']
0.0 0.0 ['P29274_ZZHJUEORHRSICM-VZVWNTEVSA-N']
0.0 0.36467838 ['P29274_ZZHJUEORHRSICM-VZVWNTEVSA-N']
0.0 2.6445115e-34 ['P29274_ZZHJUEORHRSICM-VZVWNTEVSA-N']
0.0 3.5863637e-28 ['P29274_ZZHJUEORHRSICM-VZVWNTEVSA-N']
0.0 3.733726e-13 ['P29274_ZZHJUEORHRSICM-VZVWNTEVSA-N']
1.0 3.4190102e-15 ['P29274_ZZHJUEORHRSICM-VZVWNTEVSA-N']
0.0 0.0 ['P29274_ZZHJUEORHRSICM-VZVWNTEVSA-N']
1.0 8.797685e-14 ['P29274_ZZHJUEORHRSICM-VZVWNTEVSA-N']
1.0 8.9847883e-13 ['P29274_ZZHJUEORHRSICM-VZVWNTEVSA-N']
0.0 3.490461e-16 ['P29274_ZZHJUEORHRSICM-VZVWNTEVSA-N']
0.0 1.8892369e-08 ['P29274_ZZHJUEORHRSICM-VZVWNTEVSA-N']
1.0 0.99999976 ['P29274_ZZHJUEORHRSICM-VZVWNTEVSA-N']
0.0 0.00016099712 ['P29274_ZZHJUEORHRSICM-VZVWNTEVSA-N']
0.0 1.1155647e-28 ['P29274_ZZHJUEORHRSICM-VZVWNTEVSA-N']
0.0 5.3232556e-22 ['P29274_ZZHJUEORHRSICM-VZVWNTEVSA-N']
0.0 1.0 ['P29274_ZZHJUEORHRSICM-VZVWNTEVSA-N']
0.0 0.0 ['P29274_ZZHJUEORHRSICM-VZVWNTEVSA-N']
0.0 0.0 ['P29274_ZZHJUEORHRSICM-VZVWNTEVSA-N']
0.0 3.191577e-22 ['P29274_ZZHJUEORHRSICM-VZVWNTEVSA-N']
0.0 0.0 ['P29274_ZZHJUEORHRSICM-VZVWNTEVSA-N']
1.0 3.1244764e-23 ['P29274_ZZHJUEORHRSICM-VZVWNTEVSA-N']
0.0 5.6583216e-38 ['P29274_ZZHJUEORHRSICM-VZVWNTEVSA-N']
0.0 0.99946886 ['P29274_ZZHJUEORHRSICM-VZVWNTEVSA-N']
0.0 3.0291934e-13 ['P29274_ZZHJUEORHRSICM-VZVWNTEVSA-N']
0.0 9.112373e-22 ['P29274_ZZHJUEORHRSICM-VZVWNTEVSA-N']
0.0 0.0 ['P29274_ZZHJUEORHRSICM-VZVWNTEVSA-N']
1.0 1.0 ['P29274_ZZHJUEORHRSICM-VZVWNTEVSA-N']
1.0 1.0 ['P29274_ZZHJUEORHRSICM-VZVWNTEVSA-N']
0.0 4.8666983e-24 ['P29274_ZZHJUEORHRSICM-VZVWNTEVSA-N']
1.0 6.5872556e-09 ['P29274_ZZHJUEORHRSICM-VZVWNTEVSA-N']
0.0 0.23408347 ['P29274_ZZHJUEORHRSICM-VZVWNTEVSA-N']
0.0 6.997147e-24 ['P29274_ZZHJUEORHRSICM-VZVWNTEVSA-N']
1.0 9.159805e-06 ['P29274_ZZHJUEORHRSICM-VZVWNTEVSA-N']
0.0 1.5602215e-08 ['P29274_ZZHJUEORHRSICM-VZVWNTEVSA-N']
0.0 0.0009635226 ['P29274_ZZHJUEORHRSICM-VZVWNTEVSA-N']
0.0 0.0002216259 ['P29274_ZZHJUEORHRSICM-VZVWNTEVSA-N']
1.0 1.0 ['P29274_ZZHJUEORHRSICM-VZVWNTEVSA-N']
0.0 2.4328317e-10 ['P29274_ZZHJUEORHRSICM-VZVWNTEVSA-N']
1.0 1.1079004e-07 ['P29274_ZZHJUEORHRSICM-VZVWNTEVSA-N']
0.0 2.7704639e-33 ['P29274_ZZHJUEORHRSICM-VZVWNTEVSA-N']
0.0 0.0010807795 ['P29274_ZZHJUEORHRSICM-VZVWNTEVSA-N']
0.0 4.3152636e-06 ['P29274_ZZHJUEORHRSICM-VZVWNTEVSA-N']
1.0 7.0860774e-26 ['P29274_ZZHJUEORHRSICM-VZVWNTEVSA-N']
0.0 1.2788744e-28 ['P29274_ZZHJUEORHRSICM-VZVWNTEVSA-N']
1.0 1.0 ['P29274_ZZHJUEORHRSICM-VZVWNTEVSA-N']
0.0 1.1813202e-32 ['P29274_ZZHJUEORHRSICM-VZVWNTEVSA-N']
0.0 1.041854e-27 ['P29274_ZZHJUEORHRSICM-VZVWNTEVSA-N']
0.0 4.4352433e-29 ['P29274_ZZHJUEORHRSICM-VZVWNTEVSA-N']
0.0 0.9994116 ['P29274_ZZHJUEORHRSICM-VZVWNTEVSA-N']
1.0 5.589016e-13 ['P29274_ZZHJUEORHRSICM-VZVWNTEVSA-N']
1.0 1.0 ['P29274_ZZHJUEORHRSICM-VZVWNTEVSA-N']
0.0 1.7905578e-15 ['P29274_ZZHJUEORHRSICM-VZVWNTEVSA-N']
0.0 2.6272316e-08 ['P29274_ZZHJUEORHRSICM-VZVWNTEVSA-N']
0.0 3.6509725e-24 ['P29274_ZZHJUEORHRSICM-VZVWNTEVSA-N']
1.0 2.674423e-16 ['P29274_ZZHJUEORHRSICM-VZVWNTEVSA-N']
1.0 7.437051e-21 ['P29274_ZZHJUEORHRSICM-VZVWNTEVSA-N']
0.0 0.0 ['P29274_ZZHJUEORHRSICM-VZVWNTEVSA-N']
0.0 0.99999 ['P29274_ZZHJUEORHRSICM-VZVWNTEVSA-N']
0.0 1.0970876e-30 ['P29274_ZZHJUEORHRSICM-VZVWNTEVSA-N']
0.0 0.0 ['P29274_ZZHJUEORHRSICM-VZVWNTEVSA-N']
1.0 1.9841204e-10 ['P29274_ZZHJUEORHRSICM-VZVWNTEVSA-N']
0.0 0.0009681184 ['P29274_ZZHJUEORHRSICM-VZVWNTEVSA-N']
0.0 2.970292e-39 ['P29274_ZZHJUEORHRSICM-VZVWNTEVSA-N']
0.0 0.30048898 ['P29274_ZZHJUEORHRSICM-VZVWNTEVSA-N']
1.0 2.937912e-20 ['P29274_ZZHJUEORHRSICM-VZVWNTEVSA-N']
1.0 0.97251576 ['P29274_ZZHJUEORHRSICM-VZVWNTEVSA-N']
0.0 1.0 ['P29274_ZZHJUEORHRSICM-VZVWNTEVSA-N']
1.0 0.002660213 ['P29274_ZZHJUEORHRSICM-VZVWNTEVSA-N']
0.0 3.8681388e-19 ['P29274_ZZHJUEORHRSICM-VZVWNTEVSA-N']
0.0 9.700487e-20 ['P29274_ZZHJUEORHRSICM-VZVWNTEVSA-N']
0.0 9.953034e-24 ['P29274_ZZHJUEORHRSICM-VZVWNTEVSA-N']
1.0 1.3499469e-35 ['P29274_ZZHJUEORHRSICM-VZVWNTEVSA-N']
0.0 1.5990487e-17 ['P29274_ZZHJUEORHRSICM-VZVWNTEVSA-N']
0.0 1.515524e-06 ['P29274_ZZHJUEORHRSICM-VZVWNTEVSA-N']
0.0 4.073423e-15 ['P29274_ZZHJUEORHRSICM-VZVWNTEVSA-N']
1.0 8.356031e-12 ['P29274_ZZHJUEORHRSICM-VZVWNTEVSA-N']
1.0 0.27015826 ['P29274_ZZHJUEORHRSICM-VZVWNTEVSA-N']
0.0 0.0 ['P29274_ZZHJUEORHRSICM-VZVWNTEVSA-N']
0.0 0.0 ['P29274_ZZHJUEORHRSICM-VZVWNTEVSA-N']
0.0 0.0 ['P29274_ZZHJUEORHRSICM-VZVWNTEVSA-N']
0.0 1.4604398e-09 ['P29274_ZZHJUEORHRSICM-VZVWNTEVSA-N']
1.0 5.965098e-07 ['P29274_ZZHJUEORHRSICM-VZVWNTEVSA-N']
0.0 4.9762e-32 ['P29274_ZZHJUEORHRSICM-VZVWNTEVSA-N']
1.0 9.135033e-14 ['P29274_ZZHJUEORHRSICM-VZVWNTEVSA-N']
0.0 1.7190896e-13 ['P29274_ZZHJUEORHRSICM-VZVWNTEVSA-N']
0.0 0.0 ['P29274_ZZHJUEORHRSICM-VZVWNTEVSA-N']
1.0 1.0 ['P29274_ZZHJUEORHRSICM-VZVWNTEVSA-N']
0.0 0.0 ['P29274_ZZHJUEORHRSICM-VZVWNTEVSA-N']
0.0 0.0 ['P29274_ZZHJUEORHRSICM-VZVWNTEVSA-N']
1.0 1.0 ['P29274_ZZHJUEORHRSICM-VZVWNTEVSA-N']
0.0 0.0 ['P29274_ZZHJUEORHRSICM-VZVWNTEVSA-N']
0.0 0.0 ['P29274_ZZHJUEORHRSICM-VZVWNTEVSA-N']
0.0 0.84151226 ['P29274_ZZHJUEORHRSICM-VZVWNTEVSA-N']
0.0 1.4806742e-16 ['P29274_ZZHJUEORHRSICM-VZVWNTEVSA-N']
0.0 9.227988e-29 ['P29274_ZZHJUEORHRSICM-VZVWNTEVSA-N']
0.0 2.0242153e-13 ['P29274_ZZHJUEORHRSICM-VZVWNTEVSA-N']
0.0 0.13902198 ['P29274_ZZHJUEORHRSICM-VZVWNTEVSA-N']
0.0 9.63201e-28 ['P29274_ZZHJUEORHRSICM-VZVWNTEVSA-N']
0.0 1.2239123e-16 ['P29274_ZZHJUEORHRSICM-VZVWNTEVSA-N']
0.0 0.9886869 ['P29274_ZZHJUEORHRSICM-VZVWNTEVSA-N']
0.0 9.7428635e-15 ['P29274_ZZHJUEORHRSICM-VZVWNTEVSA-N']
1.0 1.0 ['P29274_ZZHJUEORHRSICM-VZVWNTEVSA-N']
0.0 5.1165304e-23 ['P29274_ZZHJUEORHRSICM-VZVWNTEVSA-N']
1.0 1.0576512e-20 ['P29274_ZZHJUEORHRSICM-VZVWNTEVSA-N']
1.0 0.15002608 ['P29274_ZZHJUEORHRSICM-VZVWNTEVSA-N']
0.0 1.8904424e-14 ['P29274_ZZHJUEORHRSICM-VZVWNTEVSA-N']
0.0 6.239249e-08 ['P29274_ZZHJUEORHRSICM-VZVWNTEVSA-N']
0.0 6.710087e-19 ['P29274_ZZHJUEORHRSICM-VZVWNTEVSA-N']
0.0 0.99919313 ['P29274_ZZHJUEORHRSICM-VZVWNTEVSA-N']
1.0 1.1523188e-07 ['P29274_ZZHJUEORHRSICM-VZVWNTEVSA-N']
0.0 1.0 ['P29274_ZZHJUEORHRSICM-VZVWNTEVSA-N']
1.0 2.593647e-28 ['P29274_ZZHJUEORHRSICM-VZVWNTEVSA-N']
1.0 0.0 ['P29274_ZZHJUEORHRSICM-VZVWNTEVSA-N']
0.0 0.0 ['P29274_ZZHJUEORHRSICM-VZVWNTEVSA-N']
1.0 5.5562536e-22 ['P29274_ZZHJUEORHRSICM-VZVWNTEVSA-N']
0.0 0.10386658 ['P29274_ZZHJUEORHRSICM-VZVWNTEVSA-N']
0.0 0.0 ['P29274_ZZHJUEORHRSICM-VZVWNTEVSA-N']
0.0 1.9273971e-29 ['P29274_ZZHJUEORHRSICM-VZVWNTEVSA-N']
0.0 5.79779e-15 ['P29274_ZZHJUEORHRSICM-VZVWNTEVSA-N']
0.0 1.3914749e-15 ['P29274_ZZHJUEORHRSICM-VZVWNTEVSA-N']
1.0 0.0 ['P29274_ZZHJUEORHRSICM-VZVWNTEVSA-N']
1.0 0.046276953 ['P29274_ZZHJUEORHRSICM-VZVWNTEVSA-N']
1.0 0.99884737 ['P29274_ZZHJUEORHRSICM-VZVWNTEVSA-N']
0.0 1.2786042e-16 ['P29274_ZZHJUEORHRSICM-VZVWNTEVSA-N']
1.0 2.0270363e-20 ['P29274_ZZHJUEORHRSICM-VZVWNTEVSA-N']
0.0 4.6330225e-25 ['P29274_ZZHJUEORHRSICM-VZVWNTEVSA-N']
0.0 2.7482966e-10 ['P29274_ZZHJUEORHRSICM-VZVWNTEVSA-N']
0.0 0.046346396 ['P29274_ZZHJUEORHRSICM-VZVWNTEVSA-N']
0.0 9.916296e-12 ['P29274_ZZHJUEORHRSICM-VZVWNTEVSA-N']
0.0 7.925443e-33 ['P29274_ZZHJUEORHRSICM-VZVWNTEVSA-N']
0.0 5.888396e-15 ['P29274_ZZHJUEORHRSICM-VZVWNTEVSA-N']
0.0 1.7139913e-10 ['P29274_ZZHJUEORHRSICM-VZVWNTEVSA-N']
0.0 0.0 ['P29274_ZZHJUEORHRSICM-VZVWNTEVSA-N']
0.0 5.457174e-13 ['P29274_ZZHJUEORHRSICM-VZVWNTEVSA-N']
0.0 9.7109e-18 ['P29274_ZZHJUEORHRSICM-VZVWNTEVSA-N']
0.0 9.7652965e-23 ['P29274_ZZHJUEORHRSICM-VZVWNTEVSA-N']
1.0 0.0022373325 ['P29274_ZZHJUEORHRSICM-VZVWNTEVSA-N']
1.0 9.012435e-21 ['P29274_ZZHJUEORHRSICM-VZVWNTEVSA-N']
0.0 0.0 ['P29274_ZZHJUEORHRSICM-VZVWNTEVSA-N']
0.0 0.9999188 ['P29274_ZZHJUEORHRSICM-VZVWNTEVSA-N']
1.0 1.0 ['P29274_ZZHJUEORHRSICM-VZVWNTEVSA-N']
0.0 1.0834024e-08 ['P29274_ZZHJUEORHRSICM-VZVWNTEVSA-N']
0.0 0.5674032 ['P29274_ZZHJUEORHRSICM-VZVWNTEVSA-N']
1.0 7.700202e-11 ['P29274_ZZHJUEORHRSICM-VZVWNTEVSA-N']
0.0 2.8863742e-23 ['P29274_ZZHJUEORHRSICM-VZVWNTEVSA-N']
0.0 1.9819094e-08 ['P29274_ZZHJUEORHRSICM-VZVWNTEVSA-N']
0.0 0.0 ['P29274_ZZHJUEORHRSICM-VZVWNTEVSA-N']
0.0 2.2279534e-36 ['P29274_ZZHJUEORHRSICM-VZVWNTEVSA-N']
0.0 1.8498141e-31 ['P29274_ZZHJUEORHRSICM-VZVWNTEVSA-N']
0.0 1.0 ['P29274_ZZHJUEORHRSICM-VZVWNTEVSA-N']
1.0 0.99999774 ['P29274_ZZHJUEORHRSICM-VZVWNTEVSA-N']
0.0 2.8878403e-22 ['P29274_ZZHJUEORHRSICM-VZVWNTEVSA-N']
0.0 1.8839199e-14 ['P29274_ZZHJUEORHRSICM-VZVWNTEVSA-N']
0.0 1.0755632e-17 ['P29274_ZZHJUEORHRSICM-VZVWNTEVSA-N']
0.0 5.167538e-20 ['P29274_ZZHJUEORHRSICM-VZVWNTEVSA-N']
1.0 1.0 ['P29274_ZZHJUEORHRSICM-VZVWNTEVSA-N']
0.0 5.5891186e-22 ['P29274_ZZHJUEORHRSICM-VZVWNTEVSA-N']
0.0 1.28064296e-26 ['P29274_ZZHJUEORHRSICM-VZVWNTEVSA-N']
0.0 3.7542083e-27 ['P29274_ZZHJUEORHRSICM-VZVWNTEVSA-N']
1.0 6.1610633e-10 ['P29274_ZZHJUEORHRSICM-VZVWNTEVSA-N']
0.0 2.2288893e-09 ['P29274_ZZHJUEORHRSICM-VZVWNTEVSA-N']
1.0 0.005648667 ['P29274_ZZHJUEORHRSICM-VZVWNTEVSA-N']
1.0 0.0010095667 ['P29274_ZZHJUEORHRSICM-VZVWNTEVSA-N']
1.0 1.8230423e-06 ['P29274_ZZHJUEORHRSICM-VZVWNTEVSA-N']
0.0 0.0 ['P29274_ZZHJUEORHRSICM-VZVWNTEVSA-N']
0.0 1.0671244e-16 ['P29274_ZZHJUEORHRSICM-VZVWNTEVSA-N']
1.0 6.6069226e-09 ['P29274_ZZHJUEORHRSICM-VZVWNTEVSA-N']
0.0 8.8555724e-05 ['P29274_ZZHJUEORHRSICM-VZVWNTEVSA-N']
0.0 0.0 ['P29274_ZZHJUEORHRSICM-VZVWNTEVSA-N']
0.0 1.066863e-25 ['P29274_ZZHJUEORHRSICM-VZVWNTEVSA-N']
1.0 3.2508843e-10 ['P29274_ZZHJUEORHRSICM-VZVWNTEVSA-N']
0.0 0.0 ['P29274_ZZHJUEORHRSICM-VZVWNTEVSA-N']
0.0 3.362945e-17 ['P29274_ZZHJUEORHRSICM-VZVWNTEVSA-N']
0.0 5.6721194e-27 ['P29274_ZZHJUEORHRSICM-VZVWNTEVSA-N']
0.0 0.40970132 ['P29274_ZZHJUEORHRSICM-VZVWNTEVSA-N']
1.0 1.0 ['P29274_ZZHJUEORHRSICM-VZVWNTEVSA-N']
0.0 1.1755976e-13 ['P29274_ZZHJUEORHRSICM-VZVWNTEVSA-N']
0.0 0.99498355 ['P29274_ZZHJUEORHRSICM-VZVWNTEVSA-N']
1.0 1.0 ['P29274_ZZHJUEORHRSICM-VZVWNTEVSA-N']
0.0 1.00216545e-11 ['P29274_ZZHJUEORHRSICM-VZVWNTEVSA-N']
1.0 4.2058648e-18 ['P29274_ZZHJUEORHRSICM-VZVWNTEVSA-N']
0.0 4.6509827e-12 ['P29274_ZZHJUEORHRSICM-VZVWNTEVSA-N']
0.0 2.616426e-26 ['P29274_ZZHJUEORHRSICM-VZVWNTEVSA-N']
0.0 1.0 ['P29274_ZZHJUEORHRSICM-VZVWNTEVSA-N']
0.0 1.3609501e-20 ['P29274_ZZHJUEORHRSICM-VZVWNTEVSA-N']
0.0 9.4082004e-21 ['P29274_ZZHJUEORHRSICM-VZVWNTEVSA-N']
0.0 1.5470395e-17 ['P29274_ZZHJUEORHRSICM-VZVWNTEVSA-N']
0.0 5.340039e-28 ['P29274_ZZHJUEORHRSICM-VZVWNTEVSA-N']
0.0 1.3092154e-23 ['P29274_ZZHJUEORHRSICM-VZVWNTEVSA-N']
1.0 1.0 ['P29274_ZZHJUEORHRSICM-VZVWNTEVSA-N']
1.0 0.004349168 ['P29274_ZZHJUEORHRSICM-VZVWNTEVSA-N']
0.0 1.0339587e-28 ['P29274_ZZHJUEORHRSICM-VZVWNTEVSA-N']
0.0 7.26516e-21 ['P29274_ZZHJUEORHRSICM-VZVWNTEVSA-N']
0.0 2.330243e-14 ['P29274_ZZHJUEORHRSICM-VZVWNTEVSA-N']
1.0 2.4221713e-08 ['P29274_ZZHJUEORHRSICM-VZVWNTEVSA-N']
1.0 3.7900747e-08 ['P29274_ZZHJUEORHRSICM-VZVWNTEVSA-N']
0.0 0.8465359 ['P29274_ZZHJUEORHRSICM-VZVWNTEVSA-N']
0.0 0.00044480184 ['P29274_ZZHJUEORHRSICM-VZVWNTEVSA-N']
0.0 0.0004380303 ['P29274_ZZHJUEORHRSICM-VZVWNTEVSA-N']
1.0 1.0 ['P29274_ZZHJUEORHRSICM-VZVWNTEVSA-N']
0.0 7.1642982e-12 ['P29274_ZZHJUEORHRSICM-VZVWNTEVSA-N']
0.0 2.2568826e-29 ['P29274_ZZHJUEORHRSICM-VZVWNTEVSA-N']
0.0 2.876669e-15 ['P29274_ZZHJUEORHRSICM-VZVWNTEVSA-N']
0.0 4.1169676e-27 ['P29274_ZZHJUEORHRSICM-VZVWNTEVSA-N']
0.0 1.0 ['P29274_ZZHJUEORHRSICM-VZVWNTEVSA-N']
0.0 2.3373738e-18 ['P29274_ZZHJUEORHRSICM-VZVWNTEVSA-N']
1.0 1.0 ['P29274_ZZHJUEORHRSICM-VZVWNTEVSA-N']
1.0 1.6886859e-06 ['P29274_ZZHJUEORHRSICM-VZVWNTEVSA-N']
0.0 5.3401e-28 ['P29274_ZZHJUEORHRSICM-VZVWNTEVSA-N']
1.0 1.0 ['P29274_ZZHJUEORHRSICM-VZVWNTEVSA-N']
1.0 9.871451e-05 ['P29274_ZZHJUEORHRSICM-VZVWNTEVSA-N']
1.0 2.1883146e-07 ['P29274_ZZHJUEORHRSICM-VZVWNTEVSA-N']
1.0 0.9966658 ['P29274_ZZHJUEORHRSICM-VZVWNTEVSA-N']
0.0 0.0 ['P29274_ZZHJUEORHRSICM-VZVWNTEVSA-N']
0.0 0.0 ['P29274_ZZHJUEORHRSICM-VZVWNTEVSA-N']
0.0 6.88176e-31 ['P29274_ZZHJUEORHRSICM-VZVWNTEVSA-N']
1.0 2.612077e-08 ['P29274_ZZHJUEORHRSICM-VZVWNTEVSA-N']
0.0 7.923236e-18 ['P29274_ZZHJUEORHRSICM-VZVWNTEVSA-N']
1.0 6.607581e-23 ['P29274_ZZHJUEORHRSICM-VZVWNTEVSA-N']
1.0 0.9999999 ['P29274_ZZHJUEORHRSICM-VZVWNTEVSA-N']
0.0 2.5785288e-13 ['P29274_ZZHJUEORHRSICM-VZVWNTEVSA-N']
0.0 0.0 ['P29274_ZZHJUEORHRSICM-VZVWNTEVSA-N']
1.0 1.6640666e-18 ['P29274_ZZHJUEORHRSICM-VZVWNTEVSA-N']
0.0 7.351112e-27 ['P29274_ZZHJUEORHRSICM-VZVWNTEVSA-N']
0.0 0.0 ['P29274_ZZHJUEORHRSICM-VZVWNTEVSA-N']
0.0 1.5773982e-29 ['P29274_ZZHJUEORHRSICM-VZVWNTEVSA-N']
0.0 2.5802864e-27 ['P29274_ZZHJUEORHRSICM-VZVWNTEVSA-N']
0.0 0.0 ['P29274_ZZHJUEORHRSICM-VZVWNTEVSA-N']
0.0 9.904208e-14 ['P29274_ZZHJUEORHRSICM-VZVWNTEVSA-N']
1.0 5.8171954e-23 ['P29274_ZZHJUEORHRSICM-VZVWNTEVSA-N']
0.0 2.6232337e-17 ['P29274_ZZHJUEORHRSICM-VZVWNTEVSA-N']
1.0 5.7754047e-08 ['P29274_ZZHJUEORHRSICM-VZVWNTEVSA-N']
0.0 5.3943306e-15 ['P29274_ZZHJUEORHRSICM-VZVWNTEVSA-N']
0.0 7.70206e-39 ['P29274_ZZHJUEORHRSICM-VZVWNTEVSA-N']
0.0 3.1627727e-34 ['P29274_ZZHJUEORHRSICM-VZVWNTEVSA-N']
0.0 1.2206444e-30 ['P29274_ZZHJUEORHRSICM-VZVWNTEVSA-N']
0.0 1.0684736e-22 ['P29274_ZZHJUEORHRSICM-VZVWNTEVSA-N']
0.0 0.18886906 ['P29274_ZZHJUEORHRSICM-VZVWNTEVSA-N']
0.0 1.5837e-35 ['P29274_ZZHJUEORHRSICM-VZVWNTEVSA-N']
0.0 3.3340112e-26 ['P29274_ZZHJUEORHRSICM-VZVWNTEVSA-N']
0.0 1.5232225e-05 ['P29274_ZZHJUEORHRSICM-VZVWNTEVSA-N']
1.0 2.1784705e-20 ['P29274_ZZHJUEORHRSICM-VZVWNTEVSA-N']
0.0 9.101536e-14 ['P29274_ZZHJUEORHRSICM-VZVWNTEVSA-N']
1.0 8.177884e-10 ['P29274_ZZHJUEORHRSICM-VZVWNTEVSA-N']
1.0 5.1436067e-11 ['P29274_ZZHJUEORHRSICM-VZVWNTEVSA-N']
0.0 0.99994767 ['P29274_ZZHJUEORHRSICM-VZVWNTEVSA-N']
0.0 0.0 ['P29274_ZZHJUEORHRSICM-VZVWNTEVSA-N']
0.0 0.9992551 ['P29274_ZZHJUEORHRSICM-VZVWNTEVSA-N']
0.0 0.0 ['P29274_ZZHJUEORHRSICM-VZVWNTEVSA-N']
0.0 1.0 ['P29274_ZZHJUEORHRSICM-VZVWNTEVSA-N']
0.0 0.0 ['P29274_ZZHJUEORHRSICM-VZVWNTEVSA-N']
0.0 0.0 ['P29274_ZZHJUEORHRSICM-VZVWNTEVSA-N']
1.0 1.0 ['P29274_ZZHJUEORHRSICM-VZVWNTEVSA-N']
0.0 1.8963202e-23 ['P29274_ZZHJUEORHRSICM-VZVWNTEVSA-N']
1.0 1.8129491e-16 ['P29274_ZZHJUEORHRSICM-VZVWNTEVSA-N']
0.0 1.4805247e-12 ['P29274_ZZHJUEORHRSICM-VZVWNTEVSA-N']
0.0 3.2101525e-27 ['P29274_ZZHJUEORHRSICM-VZVWNTEVSA-N']
0.0 0.0 ['P29274_ZZHJUEORHRSICM-VZVWNTEVSA-N']
1.0 1.1380641e-17 ['P29274_ZZHJUEORHRSICM-VZVWNTEVSA-N']
0.0 1.5529926e-26 ['P29274_ZZHJUEORHRSICM-VZVWNTEVSA-N']
0.0 1.0 ['P29274_ZZHJUEORHRSICM-VZVWNTEVSA-N']
0.0 3.5143113e-30 ['P29274_ZZHJUEORHRSICM-VZVWNTEVSA-N']
0.0 0.0 ['P29274_ZZHJUEORHRSICM-VZVWNTEVSA-N']
1.0 2.7308245e-13 ['P29274_ZZHJUEORHRSICM-VZVWNTEVSA-N']
0.0 6.8759024e-14 ['P29274_ZZHJUEORHRSICM-VZVWNTEVSA-N']
1.0 2.7097968e-08 ['P29274_ZZHJUEORHRSICM-VZVWNTEVSA-N']
0.0 8.7482754e-17 ['P29274_ZZHJUEORHRSICM-VZVWNTEVSA-N']
0.0 0.0 ['P29274_ZZHJUEORHRSICM-VZVWNTEVSA-N']
1.0 8.252967e-15 ['P29274_ZZHJUEORHRSICM-VZVWNTEVSA-N']
1.0 0.0001490103 ['P29274_ZZHJUEORHRSICM-VZVWNTEVSA-N']
0.0 0.0 ['P29274_ZZHJUEORHRSICM-VZVWNTEVSA-N']
1.0 4.855076e-15 ['P29274_ZZHJUEORHRSICM-VZVWNTEVSA-N']
0.0 1.0 ['P29274_ZZHJUEORHRSICM-VZVWNTEVSA-N']
1.0 7.917849e-09 ['P29274_ZZHJUEORHRSICM-VZVWNTEVSA-N']
0.0 1.374418e-32 ['P29274_ZZHJUEORHRSICM-VZVWNTEVSA-N']
0.0 1.5843106e-27 ['P29274_ZZHJUEORHRSICM-VZVWNTEVSA-N']
0.0 0.0 ['P29274_ZZHJUEORHRSICM-VZVWNTEVSA-N']
1.0 0.9622642 ['P29274_ZZHJUEORHRSICM-VZVWNTEVSA-N']
0.0 0.9999981 ['P29274_ZZHJUEORHRSICM-VZVWNTEVSA-N']
0.0 6.434134e-09 ['P29274_ZZHJUEORHRSICM-VZVWNTEVSA-N']
1.0 0.15526155 ['P29274_ZZHJUEORHRSICM-VZVWNTEVSA-N']
0.0 2.8467454e-16 ['P29274_ZZHJUEORHRSICM-VZVWNTEVSA-N']
0.0 4.8921366e-34 ['P29274_ZZHJUEORHRSICM-VZVWNTEVSA-N']
0.0 0.0 ['P29274_ZZHJUEORHRSICM-VZVWNTEVSA-N']
1.0 3.212302e-16 ['P29274_ZZHJUEORHRSICM-VZVWNTEVSA-N']
0.0 2.174349e-23 ['P29274_ZZHJUEORHRSICM-VZVWNTEVSA-N']
0.0 3.876548e-17 ['P29274_ZZHJUEORHRSICM-VZVWNTEVSA-N']
1.0 7.203964e-13 ['P29274_ZZHJUEORHRSICM-VZVWNTEVSA-N']
0.0 0.0 ['P29274_ZZHJUEORHRSICM-VZVWNTEVSA-N']
0.0 1.0 ['P29274_ZZHJUEORHRSICM-VZVWNTEVSA-N']
0.0 7.864887e-23 ['P29274_ZZHJUEORHRSICM-VZVWNTEVSA-N']
0.0 2.3557918e-29 ['P29274_ZZHJUEORHRSICM-VZVWNTEVSA-N']
0.0 0.2285906 ['P29274_ZZHJUEORHRSICM-VZVWNTEVSA-N']
0.0 1.2097657e-36 ['P29274_ZZHJUEORHRSICM-VZVWNTEVSA-N']
0.0 3.2325602e-16 ['P29274_ZZHJUEORHRSICM-VZVWNTEVSA-N']
0.0 4.7230587e-21 ['P29274_ZZHJUEORHRSICM-VZVWNTEVSA-N']
0.0 0.09327961 ['P29274_ZZHJUEORHRSICM-VZVWNTEVSA-N']
0.0 0.0 ['P29274_ZZHJUEORHRSICM-VZVWNTEVSA-N']
0.0 4.8774468e-14 ['P29274_ZZHJUEORHRSICM-VZVWNTEVSA-N']
0.0 0.0 ['P29274_ZZHJUEORHRSICM-VZVWNTEVSA-N']
1.0 2.6441637e-15 ['P29274_ZZHJUEORHRSICM-VZVWNTEVSA-N']
1.0 4.70712e-22 ['P29274_ZZHJUEORHRSICM-VZVWNTEVSA-N']
0.0 0.0 ['P29274_ZZHJUEORHRSICM-VZVWNTEVSA-N']
1.0 2.7167864e-06 ['P29274_ZZHJUEORHRSICM-VZVWNTEVSA-N']
0.0 0.0005390864 ['P29274_ZZHJUEORHRSICM-VZVWNTEVSA-N']
0.0 4.558119e-16 ['P29274_ZZHJUEORHRSICM-VZVWNTEVSA-N']
1.0 7.4423306e-06 ['P29274_ZZHJUEORHRSICM-VZVWNTEVSA-N']
0.0 3.8628934e-17 ['P29274_ZZHJUEORHRSICM-VZVWNTEVSA-N']
0.0 0.0 ['P29274_ZZHJUEORHRSICM-VZVWNTEVSA-N']
0.0 1.0 ['P29274_ZZHJUEORHRSICM-VZVWNTEVSA-N']
0.0 2.11408e-21 ['P29274_ZZHJUEORHRSICM-VZVWNTEVSA-N']
1.0 0.0 ['P29274_ZZHJUEORHRSICM-VZVWNTEVSA-N']
0.0 5.690068e-18 ['P29274_ZZHJUEORHRSICM-VZVWNTEVSA-N']
1.0 0.0 ['P29274_ZZHJUEORHRSICM-VZVWNTEVSA-N']
0.0 0.0061344714 ['P29274_ZZHJUEORHRSICM-VZVWNTEVSA-N']
0.0 4.3283592e-27 ['P29274_ZZHJUEORHRSICM-VZVWNTEVSA-N']
0.0 1.3878999e-14 ['P29274_ZZHJUEORHRSICM-VZVWNTEVSA-N']
1.0 1.0059651e-22 ['P29274_ZZHJUEORHRSICM-VZVWNTEVSA-N']
0.0 4.7305673e-18 ['P29274_ZZHJUEORHRSICM-VZVWNTEVSA-N']
1.0 4.2529482e-23 ['P29274_ZZHJUEORHRSICM-VZVWNTEVSA-N']
0.0 0.0 ['P29274_ZZHJUEORHRSICM-VZVWNTEVSA-N']
1.0 0.99999297 ['P29274_ZZHJUEORHRSICM-VZVWNTEVSA-N']
0.0 9.765277e-12 ['P29274_ZZHJUEORHRSICM-VZVWNTEVSA-N']
0.0 6.572506e-10 ['P29274_ZZHJUEORHRSICM-VZVWNTEVSA-N']
0.0 8.18246e-09 ['P29274_ZZHJUEORHRSICM-VZVWNTEVSA-N']
0.0 8.329111e-06 ['P29274_ZZHJUEORHRSICM-VZVWNTEVSA-N']
1.0 5.067319e-12 ['P29274_ZZHJUEORHRSICM-VZVWNTEVSA-N']
0.0 9.7664454e-17 ['P29274_ZZHJUEORHRSICM-VZVWNTEVSA-N']
0.0 2.4823232e-15 ['P29274_ZZHJUEORHRSICM-VZVWNTEVSA-N']
1.0 0.040943313 ['P29274_ZZHJUEORHRSICM-VZVWNTEVSA-N']
0.0 0.51571 ['P29274_ZZHJUEORHRSICM-VZVWNTEVSA-N']
1.0 1.1595537e-05 ['P29274_ZZHJUEORHRSICM-VZVWNTEVSA-N']
0.0 0.0 ['P29274_ZZHJUEORHRSICM-VZVWNTEVSA-N']
1.0 4.37826e-06 ['P29274_ZZHJUEORHRSICM-VZVWNTEVSA-N']
0.0 7.4310306e-23 ['P29274_ZZHJUEORHRSICM-VZVWNTEVSA-N']
0.0 5.9456854e-14 ['P29274_ZZHJUEORHRSICM-VZVWNTEVSA-N']
1.0 1.240533e-24 ['P29274_ZZHJUEORHRSICM-VZVWNTEVSA-N']
1.0 6.096799e-19 ['P29274_ZZHJUEORHRSICM-VZVWNTEVSA-N']
0.0 1.3247369e-11 ['P29274_ZZHJUEORHRSICM-VZVWNTEVSA-N']
1.0 2.107708e-16 ['P29274_ZZHJUEORHRSICM-VZVWNTEVSA-N']
0.0 0.0 ['P29274_ZZHJUEORHRSICM-VZVWNTEVSA-N']
0.0 3.007752e-29 ['P29274_ZZHJUEORHRSICM-VZVWNTEVSA-N']
0.0 3.0910386e-27 ['P29274_ZZHJUEORHRSICM-VZVWNTEVSA-N']
0.0 0.024250224 ['P29274_ZZHJUEORHRSICM-VZVWNTEVSA-N']
0.0 4.53642e-23 ['P29274_ZZHJUEORHRSICM-VZVWNTEVSA-N']
1.0 0.99999714 ['P29274_ZZHJUEORHRSICM-VZVWNTEVSA-N']
0.0 1.19517365e-11 ['P29274_ZZHJUEORHRSICM-VZVWNTEVSA-N']
0.0 1.2095796e-31 ['P29274_ZZHJUEORHRSICM-VZVWNTEVSA-N']
1.0 1.0 ['P29274_ZZHJUEORHRSICM-VZVWNTEVSA-N']
0.0 7.889045e-05 ['P29274_ZZHJUEORHRSICM-VZVWNTEVSA-N']
0.0 0.9999727 ['P29274_ZZHJUEORHRSICM-VZVWNTEVSA-N']
0.0 2.6075216e-16 ['P29274_ZZHJUEORHRSICM-VZVWNTEVSA-N']
1.0 3.8814543e-13 ['P29274_ZZHJUEORHRSICM-VZVWNTEVSA-N']
0.0 0.0 ['P29274_ZZHJUEORHRSICM-VZVWNTEVSA-N']
0.0 0.29995435 ['P29274_ZZHJUEORHRSICM-VZVWNTEVSA-N']
0.0 1.1008089e-05 ['P29274_ZZHJUEORHRSICM-VZVWNTEVSA-N']
0.0 0.0 ['P29274_ZZHJUEORHRSICM-VZVWNTEVSA-N']
0.0 6.35228e-34 ['P29274_ZZHJUEORHRSICM-VZVWNTEVSA-N']
0.0 0.00013395835 ['P29274_ZZHJUEORHRSICM-VZVWNTEVSA-N']
0.0 0.0 ['P29274_ZZHJUEORHRSICM-VZVWNTEVSA-N']
0.0 8.895879e-09 ['P29274_ZZHJUEORHRSICM-VZVWNTEVSA-N']
0.0 0.0 ['P29274_ZZHJUEORHRSICM-VZVWNTEVSA-N']
0.0 3.5563089e-10 ['P29274_ZZHJUEORHRSICM-VZVWNTEVSA-N']
1.0 0.992941 ['P29274_ZZHJUEORHRSICM-VZVWNTEVSA-N']
1.0 0.9350558 ['P29274_ZZHJUEORHRSICM-VZVWNTEVSA-N']
1.0 6.34807e-10 ['P29274_ZZHJUEORHRSICM-VZVWNTEVSA-N']
0.0 1.511431e-12 ['P29274_ZZHJUEORHRSICM-VZVWNTEVSA-N']
0.0 0.0 ['P29274_ZZHJUEORHRSICM-VZVWNTEVSA-N']
0.0 1.8776545e-31 ['P29274_ZZHJUEORHRSICM-VZVWNTEVSA-N']
0.0 6.5943873e-06 ['P29274_ZZHJUEORHRSICM-VZVWNTEVSA-N']
1.0 1.0 ['P29274_ZZHJUEORHRSICM-VZVWNTEVSA-N']
0.0 6.123308e-05 ['P29274_ZZHJUEORHRSICM-VZVWNTEVSA-N']
0.0 7.411769e-26 ['P29274_ZZHJUEORHRSICM-VZVWNTEVSA-N']
1.0 0.52081734 ['P29274_ZZHJUEORHRSICM-VZVWNTEVSA-N']
0.0 1.0 ['P29274_ZZHJUEORHRSICM-VZVWNTEVSA-N']
0.0 4.1739666e-16 ['P29274_ZZHJUEORHRSICM-VZVWNTEVSA-N']
0.0 3.8670256e-15 ['P29274_ZZHJUEORHRSICM-VZVWNTEVSA-N']
0.0 2.4431783e-36 ['P29274_ZZHJUEORHRSICM-VZVWNTEVSA-N']
0.0 5.1362125e-27 ['P29274_ZZHJUEORHRSICM-VZVWNTEVSA-N']
0.0 1.4188131e-12 ['P29274_ZZHJUEORHRSICM-VZVWNTEVSA-N']
0.0 0.0 ['P29274_ZZHJUEORHRSICM-VZVWNTEVSA-N']
0.0 1.3589507e-38 ['P29274_ZZHJUEORHRSICM-VZVWNTEVSA-N']
1.0 7.770829e-15 ['P29274_ZZHJUEORHRSICM-VZVWNTEVSA-N']
0.0 8.426209e-09 ['P29274_ZZHJUEORHRSICM-VZVWNTEVSA-N']
0.0 0.8906145 ['P29274_ZZHJUEORHRSICM-VZVWNTEVSA-N']
0.0 0.0 ['P29274_ZZHJUEORHRSICM-VZVWNTEVSA-N']
0.0 0.0 ['P29274_ZZHJUEORHRSICM-VZVWNTEVSA-N']
0.0 5.402398e-39 ['P29274_ZZHJUEORHRSICM-VZVWNTEVSA-N']
0.0 0.7944666 ['P29274_ZZHJUEORHRSICM-VZVWNTEVSA-N']
0.0 3.5095687e-30 ['P29274_ZZHJUEORHRSICM-VZVWNTEVSA-N']
0.0 1.2319077e-24 ['P29274_ZZHJUEORHRSICM-VZVWNTEVSA-N']
0.0 2.5032e-19 ['P29274_ZZHJUEORHRSICM-VZVWNTEVSA-N']
1.0 1.0 ['P29274_ZZHJUEORHRSICM-VZVWNTEVSA-N']
0.0 8.8734424e-07 ['P29274_ZZHJUEORHRSICM-VZVWNTEVSA-N']
0.0 1.0264836e-06 ['P29274_ZZHJUEORHRSICM-VZVWNTEVSA-N']
0.0 1.2459166e-30 ['P29274_ZZHJUEORHRSICM-VZVWNTEVSA-N']
0.0 2.2885065e-16 ['P29274_ZZHJUEORHRSICM-VZVWNTEVSA-N']
0.0 1.2551358e-33 ['P29274_ZZHJUEORHRSICM-VZVWNTEVSA-N']
1.0 2.7722948e-09 ['P29274_ZZHJUEORHRSICM-VZVWNTEVSA-N']
1.0 4.535758e-05 ['P29274_ZZHJUEORHRSICM-VZVWNTEVSA-N']
1.0 1.756039e-05 ['P29274_ZZHJUEORHRSICM-VZVWNTEVSA-N']
0.0 0.0 ['P29274_ZZHJUEORHRSICM-VZVWNTEVSA-N']
0.0 0.0 ['P29274_ZZHJUEORHRSICM-VZVWNTEVSA-N']
0.0 0.00013208619 ['P29274_ZZHJUEORHRSICM-VZVWNTEVSA-N']
0.0 1.0 ['P29274_ZZHJUEORHRSICM-VZVWNTEVSA-N']
0.0 4.575276e-32 ['P29274_ZZHJUEORHRSICM-VZVWNTEVSA-N']
0.0 4.428954e-29 ['P29274_ZZHJUEORHRSICM-VZVWNTEVSA-N']
0.0 0.0 ['P29274_ZZHJUEORHRSICM-VZVWNTEVSA-N']
0.0 0.0 ['P29274_ZZHJUEORHRSICM-VZVWNTEVSA-N']
1.0 0.0157203 ['P29274_ZZHJUEORHRSICM-VZVWNTEVSA-N']
1.0 1.1666061e-22 ['P29274_ZZHJUEORHRSICM-VZVWNTEVSA-N']
0.0 9.763645e-18 ['P29274_ZZHJUEORHRSICM-VZVWNTEVSA-N']
0.0 1.7263512e-28 ['P29274_ZZHJUEORHRSICM-VZVWNTEVSA-N']
0.0 0.0 ['P29274_ZZHJUEORHRSICM-VZVWNTEVSA-N']
0.0 1.0 ['P29274_ZZHJUEORHRSICM-VZVWNTEVSA-N']
0.0 4.0141644e-12 ['P29274_ZZHJUEORHRSICM-VZVWNTEVSA-N']
0.0 3.145087e-34 ['P29274_ZZHJUEORHRSICM-VZVWNTEVSA-N']
1.0 0.99999964 ['P29274_ZZHJUEORHRSICM-VZVWNTEVSA-N']
0.0 7.4132746e-24 ['P29274_ZZHJUEORHRSICM-VZVWNTEVSA-N']
1.0 0.00017219399 ['P29274_ZZHJUEORHRSICM-VZVWNTEVSA-N']
0.0 1.1188344e-19 ['P29274_ZZHJUEORHRSICM-VZVWNTEVSA-N']
0.0 2.1594717e-06 ['P29274_ZZHJUEORHRSICM-VZVWNTEVSA-N']
1.0 0.885808 ['P29274_ZZHJUEORHRSICM-VZVWNTEVSA-N']
0.0 0.0 ['P29274_ZZHJUEORHRSICM-VZVWNTEVSA-N']
0.0 2.8891172e-08 ['P29274_ZZHJUEORHRSICM-VZVWNTEVSA-N']
0.0 8.096086e-08 ['P29274_ZZHJUEORHRSICM-VZVWNTEVSA-N']
0.0 0.029607857 ['P29274_ZZHJUEORHRSICM-VZVWNTEVSA-N']
0.0 8.8212915e-18 ['P29274_ZZHJUEORHRSICM-VZVWNTEVSA-N']
1.0 1.0 ['P29274_ZZHJUEORHRSICM-VZVWNTEVSA-N']
0.0 0.0 ['P29274_ZZHJUEORHRSICM-VZVWNTEVSA-N']
0.0 2.9808436e-20 ['P29274_ZZHJUEORHRSICM-VZVWNTEVSA-N']
0.0 8.40551e-22 ['P29274_ZZHJUEORHRSICM-VZVWNTEVSA-N']
0.0 0.012872906 ['P29274_ZZHJUEORHRSICM-VZVWNTEVSA-N']
0.0 1.2077623e-17 ['P29274_ZZHJUEORHRSICM-VZVWNTEVSA-N']
1.0 8.416147e-14 ['P29274_ZZHJUEORHRSICM-VZVWNTEVSA-N']
0.0 1.3822354e-07 ['P29274_ZZHJUEORHRSICM-VZVWNTEVSA-N']
0.0 6.909413e-14 ['P29274_ZZHJUEORHRSICM-VZVWNTEVSA-N']
0.0 0.0 ['P29274_ZZHJUEORHRSICM-VZVWNTEVSA-N']
0.0 5.0114935e-27 ['P29274_ZZHJUEORHRSICM-VZVWNTEVSA-N']
0.0 2.9576312e-30 ['P29274_ZZHJUEORHRSICM-VZVWNTEVSA-N']
0.0 5.818923e-39 ['P29274_ZZHJUEORHRSICM-VZVWNTEVSA-N']
1.0 6.157128e-07 ['P29274_ZZHJUEORHRSICM-VZVWNTEVSA-N']
0.0 1.0632179e-08 ['P29274_ZZHJUEORHRSICM-VZVWNTEVSA-N']
0.0 1.4069604e-28 ['P29274_ZZHJUEORHRSICM-VZVWNTEVSA-N']
0.0 1.0 ['P29274_ZZHJUEORHRSICM-VZVWNTEVSA-N']
0.0 0.0035793397 ['P29274_ZZHJUEORHRSICM-VZVWNTEVSA-N']
0.0 1.5214463e-32 ['P29274_ZZHJUEORHRSICM-VZVWNTEVSA-N']
0.0 6.746477e-13 ['P29274_ZZHJUEORHRSICM-VZVWNTEVSA-N']
1.0 1.0704776e-09 ['P29274_ZZHJUEORHRSICM-VZVWNTEVSA-N']
0.0 1.8762184e-13 ['P29274_ZZHJUEORHRSICM-VZVWNTEVSA-N']
1.0 0.0015792722 ['P29274_ZZHJUEORHRSICM-VZVWNTEVSA-N']
1.0 1.0 ['P29274_ZZHJUEORHRSICM-VZVWNTEVSA-N']
0.0 2.977806e-37 ['P29274_ZZHJUEORHRSICM-VZVWNTEVSA-N']
0.0 0.0 ['P29274_ZZHJUEORHRSICM-VZVWNTEVSA-N']
0.0 1.1127122e-14 ['P29274_ZZHJUEORHRSICM-VZVWNTEVSA-N']
0.0 6.968692e-18 ['P29274_ZZHJUEORHRSICM-VZVWNTEVSA-N']
0.0 3.8997237e-13 ['P29274_ZZHJUEORHRSICM-VZVWNTEVSA-N']
1.0 0.017069766 ['P29274_ZZHJUEORHRSICM-VZVWNTEVSA-N']
1.0 1.0 ['P29274_ZZHJUEORHRSICM-VZVWNTEVSA-N']
1.0 1.23218755e-20 ['P29274_ZZHJUEORHRSICM-VZVWNTEVSA-N']
0.0 0.9265077 ['P29274_ZZHJUEORHRSICM-VZVWNTEVSA-N']
0.0 6.796528e-16 ['P29274_ZZHJUEORHRSICM-VZVWNTEVSA-N']
0.0 0.0 ['P29274_ZZHJUEORHRSICM-VZVWNTEVSA-N']
0.0 1.2605438e-25 ['P29274_ZZHJUEORHRSICM-VZVWNTEVSA-N']
0.0 1.330302e-19 ['P29274_ZZHJUEORHRSICM-VZVWNTEVSA-N']
0.0 1.0 ['P29274_ZZHJUEORHRSICM-VZVWNTEVSA-N']
1.0 3.4084073e-06 ['P29274_ZZHJUEORHRSICM-VZVWNTEVSA-N']
1.0 4.5922946e-15 ['P29274_ZZHJUEORHRSICM-VZVWNTEVSA-N']
0.0 4.3563562e-26 ['P29274_ZZHJUEORHRSICM-VZVWNTEVSA-N']
0.0 3.8701543e-30 ['P29274_ZZHJUEORHRSICM-VZVWNTEVSA-N']
1.0 3.7503586e-08 ['P29274_ZZHJUEORHRSICM-VZVWNTEVSA-N']
0.0 1.4000525e-11 ['P29274_ZZHJUEORHRSICM-VZVWNTEVSA-N']
0.0 1.2107875e-26 ['P29274_ZZHJUEORHRSICM-VZVWNTEVSA-N']
0.0 1.0 ['P29274_ZZHJUEORHRSICM-VZVWNTEVSA-N']
0.0 1.0 ['P29274_ZZHJUEORHRSICM-VZVWNTEVSA-N']
0.0 1.6992505e-27 ['P29274_ZZHJUEORHRSICM-VZVWNTEVSA-N']
0.0 0.0 ['P29274_ZZHJUEORHRSICM-VZVWNTEVSA-N']
0.0 0.0 ['P29274_ZZHJUEORHRSICM-VZVWNTEVSA-N']
1.0 8.399421e-07 ['P29274_ZZHJUEORHRSICM-VZVWNTEVSA-N']
1.0 0.9999988 ['P29274_ZZHJUEORHRSICM-VZVWNTEVSA-N']
0.0 0.0 ['P29274_ZZHJUEORHRSICM-VZVWNTEVSA-N']
1.0 1.0 ['P29274_ZZHJUEORHRSICM-VZVWNTEVSA-N']
1.0 1.6778807e-06 ['P29274_ZZHJUEORHRSICM-VZVWNTEVSA-N']
1.0 6.568524e-09 ['P29274_ZZHJUEORHRSICM-VZVWNTEVSA-N']
0.0 7.897759e-09 ['P29274_ZZHJUEORHRSICM-VZVWNTEVSA-N']
0.0 6.3621233e-20 ['P29274_ZZHJUEORHRSICM-VZVWNTEVSA-N']
1.0 0.011762956 ['P29274_ZZHJUEORHRSICM-VZVWNTEVSA-N']
1.0 0.9999995 ['P29274_ZZHJUEORHRSICM-VZVWNTEVSA-N']
0.0 5.0266344e-21 ['P29274_ZZHJUEORHRSICM-VZVWNTEVSA-N']
0.0 2.9982932e-06 ['P29274_ZZHJUEORHRSICM-VZVWNTEVSA-N']
0.0 7.190731e-39 ['P29274_ZZHJUEORHRSICM-VZVWNTEVSA-N']
0.0 2.8863963e-23 ['P29274_ZZHJUEORHRSICM-VZVWNTEVSA-N']
0.0 2.935914e-11 ['P29274_ZZHJUEORHRSICM-VZVWNTEVSA-N']
0.0 9.0886454e-07 ['P29274_ZZHJUEORHRSICM-VZVWNTEVSA-N']
0.0 0.99999976 ['P29274_ZZHJUEORHRSICM-VZVWNTEVSA-N']
0.0 8.6482554e-20 ['P29274_ZZHJUEORHRSICM-VZVWNTEVSA-N']
0.0 0.0 ['P29274_ZZHJUEORHRSICM-VZVWNTEVSA-N']
1.0 1.7838713e-13 ['P29274_ZZHJUEORHRSICM-VZVWNTEVSA-N']
1.0 2.058514e-16 ['P29274_ZZHJUEORHRSICM-VZVWNTEVSA-N']
0.0 1.8257897e-15 ['P29274_ZZHJUEORHRSICM-VZVWNTEVSA-N']
0.0 2.2286344e-09 ['P29274_ZZHJUEORHRSICM-VZVWNTEVSA-N']
1.0 3.7995265e-05 ['P29274_ZZHJUEORHRSICM-VZVWNTEVSA-N']
0.0 8.4119827e-16 ['P29274_ZZHJUEORHRSICM-VZVWNTEVSA-N']
1.0 1.0 ['P29274_ZZHJUEORHRSICM-VZVWNTEVSA-N']
0.0 9.52948e-31 ['P29274_ZZHJUEORHRSICM-VZVWNTEVSA-N']
0.0 0.10209636 ['P29274_ZZHJUEORHRSICM-VZVWNTEVSA-N']
0.0 2.5385963e-35 ['P29274_ZZHJUEORHRSICM-VZVWNTEVSA-N']
1.0 8.1651585e-08 ['P29274_ZZHJUEORHRSICM-VZVWNTEVSA-N']
0.0 0.5497146 ['P29274_ZZHJUEORHRSICM-VZVWNTEVSA-N']
1.0 1.0 ['P29274_ZZHJUEORHRSICM-VZVWNTEVSA-N']
0.0 0.0 ['P29274_ZZHJUEORHRSICM-VZVWNTEVSA-N']
1.0 2.3561393e-09 ['P29274_ZZHJUEORHRSICM-VZVWNTEVSA-N']
0.0 1.3215923e-11 ['P29274_ZZHJUEORHRSICM-VZVWNTEVSA-N']
0.0 1.7403735e-08 ['P29274_ZZHJUEORHRSICM-VZVWNTEVSA-N']
1.0 0.002120865 ['P29274_ZZHJUEORHRSICM-VZVWNTEVSA-N']
0.0 3.2834792e-23 ['P29274_ZZHJUEORHRSICM-VZVWNTEVSA-N']
1.0 1.8968853e-22 ['P29274_ZZHJUEORHRSICM-VZVWNTEVSA-N']
0.0 0.0 ['P29274_ZZHJUEORHRSICM-VZVWNTEVSA-N']
0.0 3.6661897e-29 ['P29274_ZZHJUEORHRSICM-VZVWNTEVSA-N']
0.0 0.0 ['P29274_ZZHJUEORHRSICM-VZVWNTEVSA-N']
1.0 3.9205093e-09 ['P29274_ZZHJUEORHRSICM-VZVWNTEVSA-N']
0.0 9.743869e-22 ['P29274_ZZHJUEORHRSICM-VZVWNTEVSA-N']
0.0 0.84874666 ['P29274_ZZHJUEORHRSICM-VZVWNTEVSA-N']
0.0 2.4629744e-25 ['P29274_ZZHJUEORHRSICM-VZVWNTEVSA-N']
0.0 1.4424843e-31 ['P29274_ZZHJUEORHRSICM-VZVWNTEVSA-N']
1.0 1.04307014e-10 ['P29274_ZZHJUEORHRSICM-VZVWNTEVSA-N']
0.0 4.3927595e-15 ['P29274_ZZHJUEORHRSICM-VZVWNTEVSA-N']
0.0 5.3044717e-27 ['P29274_ZZHJUEORHRSICM-VZVWNTEVSA-N']
1.0 1.647904e-11 ['P29274_ZZHJUEORHRSICM-VZVWNTEVSA-N']
1.0 0.07031724 ['P29274_ZZHJUEORHRSICM-VZVWNTEVSA-N']
0.0 3.2060562e-25 ['P29274_ZZHJUEORHRSICM-VZVWNTEVSA-N']
0.0 2.0066764e-30 ['P29274_ZZHJUEORHRSICM-VZVWNTEVSA-N']
0.0 1.0 ['P29274_ZZHJUEORHRSICM-VZVWNTEVSA-N']
0.0 0.0 ['P29274_ZZHJUEORHRSICM-VZVWNTEVSA-N']
0.0 1.27080394e-17 ['P29274_ZZHJUEORHRSICM-VZVWNTEVSA-N']
1.0 5.3829134e-18 ['P29274_ZZHJUEORHRSICM-VZVWNTEVSA-N']
1.0 1.1466357e-17 ['P29274_ZZHJUEORHRSICM-VZVWNTEVSA-N']
0.0 3.290848e-18 ['P29274_ZZHJUEORHRSICM-VZVWNTEVSA-N']
0.0 8.235999e-19 ['P29274_ZZHJUEORHRSICM-VZVWNTEVSA-N']
0.0 6.452799e-07 ['P29274_ZZHJUEORHRSICM-VZVWNTEVSA-N']
1.0 1.10515305e-10 ['P29274_ZZHJUEORHRSICM-VZVWNTEVSA-N']
0.0 1.6771972e-15 ['P29274_ZZHJUEORHRSICM-VZVWNTEVSA-N']
0.0 1.4186696e-31 ['P29274_ZZHJUEORHRSICM-VZVWNTEVSA-N']
0.0 0.0 ['P29274_ZZHJUEORHRSICM-VZVWNTEVSA-N']
0.0 0.9965894 ['P29274_ZZHJUEORHRSICM-VZVWNTEVSA-N']
0.0 7.9999416e-21 ['P29274_ZZHJUEORHRSICM-VZVWNTEVSA-N']
0.0 0.0 ['P29274_ZZHJUEORHRSICM-VZVWNTEVSA-N']
1.0 3.1526216e-17 ['P29274_ZZHJUEORHRSICM-VZVWNTEVSA-N']
0.0 1.4725884e-27 ['P29274_ZZHJUEORHRSICM-VZVWNTEVSA-N']
1.0 1.0 ['P29274_ZZHJUEORHRSICM-VZVWNTEVSA-N']
1.0 7.992718e-27 ['P29274_ZZHJUEORHRSICM-VZVWNTEVSA-N']
0.0 0.0 ['P29274_ZZHJUEORHRSICM-VZVWNTEVSA-N']
1.0 1.5958661e-19 ['P29274_ZZHJUEORHRSICM-VZVWNTEVSA-N']
0.0 0.0 ['P29274_ZZHJUEORHRSICM-VZVWNTEVSA-N']
0.0 1.6984912e-06 ['P29274_ZZHJUEORHRSICM-VZVWNTEVSA-N']
1.0 6.6925636e-06 ['P29274_ZZHJUEORHRSICM-VZVWNTEVSA-N']
0.0 0.9999999 ['P29274_ZZHJUEORHRSICM-VZVWNTEVSA-N']
0.0 7.559685e-14 ['P29274_ZZHJUEORHRSICM-VZVWNTEVSA-N']
1.0 0.0021617983 ['P29274_ZZHJUEORHRSICM-VZVWNTEVSA-N']
0.0 1.725889e-22 ['P29274_ZZHJUEORHRSICM-VZVWNTEVSA-N']
0.0 1.4324776e-30 ['P29274_ZZHJUEORHRSICM-VZVWNTEVSA-N']
0.0 2.3078196e-16 ['P29274_ZZHJUEORHRSICM-VZVWNTEVSA-N']
0.0 1.330302e-19 ['P29274_ZZHJUEORHRSICM-VZVWNTEVSA-N']
0.0 1.6504791e-20 ['P29274_ZZHJUEORHRSICM-VZVWNTEVSA-N']
0.0 0.0018520057 ['P29274_ZZHJUEORHRSICM-VZVWNTEVSA-N']
0.0 2.5633744e-33 ['P29274_ZZHJUEORHRSICM-VZVWNTEVSA-N']
1.0 4.8923336e-15 ['P29274_ZZHJUEORHRSICM-VZVWNTEVSA-N']
0.0 3.81821e-39 ['P29274_ZZHJUEORHRSICM-VZVWNTEVSA-N']
0.0 2.8404771e-15 ['P29274_ZZHJUEORHRSICM-VZVWNTEVSA-N']
0.0 1.0673167e-22 ['P29274_ZZHJUEORHRSICM-VZVWNTEVSA-N']
0.0 0.9323619 ['P29274_ZZHJUEORHRSICM-VZVWNTEVSA-N']
0.0 3.0609025e-22 ['P29274_ZZHJUEORHRSICM-VZVWNTEVSA-N']
0.0 9.14841e-17 ['P29274_ZZHJUEORHRSICM-VZVWNTEVSA-N']
0.0 6.3952875e-06 ['P29274_ZZHJUEORHRSICM-VZVWNTEVSA-N']
0.0 0.0 ['P29274_ZZHJUEORHRSICM-VZVWNTEVSA-N']
1.0 0.9999677 ['P29274_ZZHJUEORHRSICM-VZVWNTEVSA-N']
1.0 3.077085e-20 ['P29274_ZZHJUEORHRSICM-VZVWNTEVSA-N']
0.0 0.99990726 ['P29274_ZZHJUEORHRSICM-VZVWNTEVSA-N']
0.0 2.9180362e-16 ['P29274_ZZHJUEORHRSICM-VZVWNTEVSA-N']
0.0 0.0 ['P29274_ZZHJUEORHRSICM-VZVWNTEVSA-N']
0.0 6.1811845e-12 ['P29274_ZZHJUEORHRSICM-VZVWNTEVSA-N']
0.0 2.3303405e-18 ['P29274_ZZHJUEORHRSICM-VZVWNTEVSA-N']
0.0 9.691994e-17 ['P29274_ZZHJUEORHRSICM-VZVWNTEVSA-N']
0.0 8.4101755e-26 ['P29274_ZZHJUEORHRSICM-VZVWNTEVSA-N']
0.0 1.720209e-38 ['P29274_ZZHJUEORHRSICM-VZVWNTEVSA-N']
0.0 2.1151051e-07 ['P29274_ZZHJUEORHRSICM-VZVWNTEVSA-N']
0.0 1.0 ['P29274_ZZHJUEORHRSICM-VZVWNTEVSA-N']
0.0 1.1558368e-12 ['P29274_ZZHJUEORHRSICM-VZVWNTEVSA-N']
0.0 8.341101e-33 ['P29274_ZZHJUEORHRSICM-VZVWNTEVSA-N']
0.0 2.6629385e-32 ['P29274_ZZHJUEORHRSICM-VZVWNTEVSA-N']
1.0 1.0004786e-12 ['P29274_ZZHJUEORHRSICM-VZVWNTEVSA-N']
1.0 0.0 ['P29274_ZZHJUEORHRSICM-VZVWNTEVSA-N']
0.0 0.0 ['P29274_ZZHJUEORHRSICM-VZVWNTEVSA-N']
0.0 0.0 ['P29274_ZZHJUEORHRSICM-VZVWNTEVSA-N']
0.0 0.0 ['P29274_ZZHJUEORHRSICM-VZVWNTEVSA-N']
1.0 2.6500918e-11 ['P29274_ZZHJUEORHRSICM-VZVWNTEVSA-N']
0.0 0.07201041 ['P29274_ZZHJUEORHRSICM-VZVWNTEVSA-N']
0.0 2.9649099e-35 ['P29274_ZZHJUEORHRSICM-VZVWNTEVSA-N']
0.0 1.5183044e-24 ['P29274_ZZHJUEORHRSICM-VZVWNTEVSA-N']
0.0 4.668962e-20 ['P29274_ZZHJUEORHRSICM-VZVWNTEVSA-N']
0.0 1.0 ['P29274_ZZHJUEORHRSICM-VZVWNTEVSA-N']
0.0 1.5802019e-25 ['P29274_ZZHJUEORHRSICM-VZVWNTEVSA-N']
0.0 0.0 ['P29274_ZZHJUEORHRSICM-VZVWNTEVSA-N']
0.0 1.7018314e-13 ['P29274_ZZHJUEORHRSICM-VZVWNTEVSA-N']
1.0 8.6205023e-13 ['P29274_ZZHJUEORHRSICM-VZVWNTEVSA-N']
0.0 5.0224613e-19 ['P29274_ZZHJUEORHRSICM-VZVWNTEVSA-N']
0.0 1.3726337e-36 ['P29274_ZZHJUEORHRSICM-VZVWNTEVSA-N']
0.0 0.0 ['P29274_ZZHJUEORHRSICM-VZVWNTEVSA-N']
0.0 0.0 ['P29274_ZZHJUEORHRSICM-VZVWNTEVSA-N']
0.0 1.1762318e-14 ['P29274_ZZHJUEORHRSICM-VZVWNTEVSA-N']
0.0 7.906213e-32 ['P29274_ZZHJUEORHRSICM-VZVWNTEVSA-N']
0.0 1.0 ['P29274_ZZHJUEORHRSICM-VZVWNTEVSA-N']
0.0 1.0 ['P29274_ZZHJUEORHRSICM-VZVWNTEVSA-N']
1.0 1.919912e-29 ['P29274_ZZHJUEORHRSICM-VZVWNTEVSA-N']
0.0 3.568091e-21 ['P29274_ZZHJUEORHRSICM-VZVWNTEVSA-N']
0.0 0.0 ['P29274_ZZHJUEORHRSICM-VZVWNTEVSA-N']
0.0 1.9004155e-19 ['P29274_ZZHJUEORHRSICM-VZVWNTEVSA-N']
0.0 0.0 ['P29274_ZZHJUEORHRSICM-VZVWNTEVSA-N']
0.0 2.5979153e-20 ['P29274_ZZHJUEORHRSICM-VZVWNTEVSA-N']
1.0 3.4581114e-30 ['P29274_ZZHJUEORHRSICM-VZVWNTEVSA-N']
0.0 0.0 ['P29274_ZZHJUEORHRSICM-VZVWNTEVSA-N']
0.0 5.059091e-12 ['P29274_ZZHJUEORHRSICM-VZVWNTEVSA-N']
0.0 4.0846383e-32 ['P29274_ZZHJUEORHRSICM-VZVWNTEVSA-N']
1.0 0.0056394157 ['P29274_ZZHJUEORHRSICM-VZVWNTEVSA-N']
0.0 1.0 ['P29274_ZZHJUEORHRSICM-VZVWNTEVSA-N']
0.0 0.0 ['P29274_ZZHJUEORHRSICM-VZVWNTEVSA-N']
0.0 1.7331329e-11 ['P29274_ZZHJUEORHRSICM-VZVWNTEVSA-N']
0.0 1.8214766e-30 ['P29274_ZZHJUEORHRSICM-VZVWNTEVSA-N']
1.0 0.99939656 ['P29274_ZZHJUEORHRSICM-VZVWNTEVSA-N']
0.0 1.2193524e-12 ['P29274_ZZHJUEORHRSICM-VZVWNTEVSA-N']
0.0 1.9775905e-26 ['P29274_ZZHJUEORHRSICM-VZVWNTEVSA-N']
0.0 1.0024942e-15 ['P29274_ZZHJUEORHRSICM-VZVWNTEVSA-N']
0.0 1.0 ['P29274_ZZHJUEORHRSICM-VZVWNTEVSA-N']
0.0 3.2665217e-33 ['P29274_ZZHJUEORHRSICM-VZVWNTEVSA-N']
0.0 0.0 ['P29274_ZZHJUEORHRSICM-VZVWNTEVSA-N']
1.0 4.2818287e-11 ['P29274_ZZHJUEORHRSICM-VZVWNTEVSA-N']
1.0 7.984098e-11 ['P29274_ZZHJUEORHRSICM-VZVWNTEVSA-N']
0.0 7.881644e-16 ['P29274_ZZHJUEORHRSICM-VZVWNTEVSA-N']
0.0 1.2283006e-22 ['P29274_ZZHJUEORHRSICM-VZVWNTEVSA-N']
1.0 1.0862422e-10 ['P29274_ZZHJUEORHRSICM-VZVWNTEVSA-N']
1.0 6.57555e-11 ['P29274_ZZHJUEORHRSICM-VZVWNTEVSA-N']
1.0 5.429788e-19 ['P29274_ZZHJUEORHRSICM-VZVWNTEVSA-N']
1.0 5.4237552e-11 ['P29274_ZZHJUEORHRSICM-VZVWNTEVSA-N']
1.0 0.024006573 ['P29274_ZZHJUEORHRSICM-VZVWNTEVSA-N']
0.0 5.0746174e-10 ['P29274_ZZHJUEORHRSICM-VZVWNTEVSA-N']
1.0 1.39512635e-30 ['P29274_ZZHJUEORHRSICM-VZVWNTEVSA-N']
0.0 0.99999833 ['P29274_ZZHJUEORHRSICM-VZVWNTEVSA-N']
0.0 4.789561e-26 ['P29274_ZZHJUEORHRSICM-VZVWNTEVSA-N']
1.0 1.3733561e-29 ['P29274_ZZHJUEORHRSICM-VZVWNTEVSA-N']
1.0 0.9857283 ['P29274_ZZHJUEORHRSICM-VZVWNTEVSA-N']
0.0 1.26258875e-33 ['P29274_ZZHJUEORHRSICM-VZVWNTEVSA-N']
0.0 1.5404817e-14 ['P29274_ZZHJUEORHRSICM-VZVWNTEVSA-N']
1.0 0.0 ['P29274_ZZHJUEORHRSICM-VZVWNTEVSA-N']
0.0 7.2724197e-06 ['P29274_ZZHJUEORHRSICM-VZVWNTEVSA-N']
0.0 1.5749865e-37 ['P29274_ZZHJUEORHRSICM-VZVWNTEVSA-N']
1.0 7.753275e-10 ['P29274_ZZHJUEORHRSICM-VZVWNTEVSA-N']
1.0 4.4980406e-10 ['P29274_ZZHJUEORHRSICM-VZVWNTEVSA-N']
1.0 6.0376604e-28 ['P29274_ZZHJUEORHRSICM-VZVWNTEVSA-N']
0.0 1.1062526e-16 ['P29274_ZZHJUEORHRSICM-VZVWNTEVSA-N']
1.0 1.0 ['P29274_ZZHJUEORHRSICM-VZVWNTEVSA-N']
0.0 4.2067345e-24 ['P29274_ZZHJUEORHRSICM-VZVWNTEVSA-N']
0.0 4.4132472e-24 ['P29274_ZZHJUEORHRSICM-VZVWNTEVSA-N']
1.0 0.99997926 ['P29274_ZZHJUEORHRSICM-VZVWNTEVSA-N']
1.0 1.9159327e-21 ['P29274_ZZHJUEORHRSICM-VZVWNTEVSA-N']
0.0 0.0 ['P29274_ZZHJUEORHRSICM-VZVWNTEVSA-N']
0.0 1.0162125e-23 ['P29274_ZZHJUEORHRSICM-VZVWNTEVSA-N']
0.0 0.4800817 ['P29274_ZZHJUEORHRSICM-VZVWNTEVSA-N']
0.0 2.4176332e-16 ['P29274_ZZHJUEORHRSICM-VZVWNTEVSA-N']
0.0 8.8877216e-20 ['P29274_ZZHJUEORHRSICM-VZVWNTEVSA-N']
0.0 1.6186057e-12 ['P29274_ZZHJUEORHRSICM-VZVWNTEVSA-N']
0.0 3.924023e-14 ['P29274_ZZHJUEORHRSICM-VZVWNTEVSA-N']
0.0 2.8999941e-15 ['P29274_ZZHJUEORHRSICM-VZVWNTEVSA-N']
0.0 7.2615614e-20 ['P29274_ZZHJUEORHRSICM-VZVWNTEVSA-N']
0.0 3.468269e-31 ['P29274_ZZHJUEORHRSICM-VZVWNTEVSA-N']
0.0 5.154653e-08 ['P29274_ZZHJUEORHRSICM-VZVWNTEVSA-N']
0.0 9.874525e-09 ['P29274_ZZHJUEORHRSICM-VZVWNTEVSA-N']
0.0 3.4729175e-07 ['P29274_ZZHJUEORHRSICM-VZVWNTEVSA-N']
0.0 8.7020544e-11 ['P29274_ZZHJUEORHRSICM-VZVWNTEVSA-N']
1.0 4.4233612e-16 ['P29274_ZZHJUEORHRSICM-VZVWNTEVSA-N']
1.0 0.4860969 ['P29274_ZZHJUEORHRSICM-VZVWNTEVSA-N']
0.0 3.1267894e-23 ['P29274_ZZHJUEORHRSICM-VZVWNTEVSA-N']
1.0 1.0 ['P29274_ZZHJUEORHRSICM-VZVWNTEVSA-N']
0.0 2.420498e-28 ['P29274_ZZHJUEORHRSICM-VZVWNTEVSA-N']
1.0 1.2500483e-16 ['P29274_ZZHJUEORHRSICM-VZVWNTEVSA-N']
0.0 2.439871e-22 ['P29274_ZZHJUEORHRSICM-VZVWNTEVSA-N']
0.0 0.22290052 ['P29274_ZZHJUEORHRSICM-VZVWNTEVSA-N']
0.0 1.0 ['P29274_ZZHJUEORHRSICM-VZVWNTEVSA-N']
0.0 3.528781e-14 ['P29274_ZZHJUEORHRSICM-VZVWNTEVSA-N']
0.0 0.0 ['P29274_ZZHJUEORHRSICM-VZVWNTEVSA-N']
0.0 0.0 ['P29274_ZZHJUEORHRSICM-VZVWNTEVSA-N']
0.0 8.350307e-13 ['P29274_ZZHJUEORHRSICM-VZVWNTEVSA-N']
0.0 5.7186233e-16 ['P29274_ZZHJUEORHRSICM-VZVWNTEVSA-N']
0.0 1.1317022e-36 ['P29274_ZZHJUEORHRSICM-VZVWNTEVSA-N']
0.0 0.9999999 ['P29274_ZZHJUEORHRSICM-VZVWNTEVSA-N']
1.0 2.4976958e-12 ['P29274_ZZHJUEORHRSICM-VZVWNTEVSA-N']
0.0 0.015397729 ['P29274_ZZHJUEORHRSICM-VZVWNTEVSA-N']
0.0 8.409992e-09 ['P29274_ZZHJUEORHRSICM-VZVWNTEVSA-N']
0.0 1.2152312e-16 ['P29274_ZZHJUEORHRSICM-VZVWNTEVSA-N']
0.0 0.0 ['P29274_ZZHJUEORHRSICM-VZVWNTEVSA-N']
0.0 4.317464e-10 ['P29274_ZZHJUEORHRSICM-VZVWNTEVSA-N']
0.0 0.0 ['P29274_ZZHJUEORHRSICM-VZVWNTEVSA-N']
1.0 0.9984743 ['P29274_ZZHJUEORHRSICM-VZVWNTEVSA-N']
1.0 1.9827015e-10 ['P29274_ZZHJUEORHRSICM-VZVWNTEVSA-N']
1.0 5.696433e-25 ['P29274_ZZHJUEORHRSICM-VZVWNTEVSA-N']
1.0 6.968799e-18 ['P29274_ZZHJUEORHRSICM-VZVWNTEVSA-N']
0.0 1.4704741e-13 ['P29274_ZZHJUEORHRSICM-VZVWNTEVSA-N']
1.0 2.1441966e-07 ['P29274_ZZHJUEORHRSICM-VZVWNTEVSA-N']
0.0 0.04685407 ['P29274_ZZHJUEORHRSICM-VZVWNTEVSA-N']
0.0 6.4554888e-27 ['P29274_ZZHJUEORHRSICM-VZVWNTEVSA-N']
1.0 4.3523282e-11 ['P29274_ZZHJUEORHRSICM-VZVWNTEVSA-N']
0.0 3.3160696e-11 ['P29274_ZZHJUEORHRSICM-VZVWNTEVSA-N']
0.0 1.1895219e-34 ['P29274_ZZHJUEORHRSICM-VZVWNTEVSA-N']
0.0 1.0 ['P29274_ZZHJUEORHRSICM-VZVWNTEVSA-N']
0.0 9.414275e-27 ['P29274_ZZHJUEORHRSICM-VZVWNTEVSA-N']
0.0 9.488947e-34 ['P29274_ZZHJUEORHRSICM-VZVWNTEVSA-N']
0.0 7.8850004e-19 ['P29274_ZZHJUEORHRSICM-VZVWNTEVSA-N']
0.0 9.262721e-15 ['P29274_ZZHJUEORHRSICM-VZVWNTEVSA-N']
1.0 4.2966662e-16 ['P29274_ZZHJUEORHRSICM-VZVWNTEVSA-N']
0.0 1.01241104e-19 ['P29274_ZZHJUEORHRSICM-VZVWNTEVSA-N']
0.0 6.927827e-24 ['P29274_ZZHJUEORHRSICM-VZVWNTEVSA-N']
0.0 1.8708538e-25 ['P29274_ZZHJUEORHRSICM-VZVWNTEVSA-N']
0.0 1.0 ['P29274_ZZHJUEORHRSICM-VZVWNTEVSA-N']
0.0 1.3507968e-09 ['P29274_ZZHJUEORHRSICM-VZVWNTEVSA-N']
0.0 1.5392034e-07 ['P29274_ZZHJUEORHRSICM-VZVWNTEVSA-N']
0.0 1.8374343e-18 ['P29274_ZZHJUEORHRSICM-VZVWNTEVSA-N']
1.0 0.0 ['P29274_ZZHJUEORHRSICM-VZVWNTEVSA-N']
0.0 2.4404262e-17 ['P29274_ZZHJUEORHRSICM-VZVWNTEVSA-N']
1.0 1.0 ['P29274_ZZHJUEORHRSICM-VZVWNTEVSA-N']
0.0 0.020958977 ['P29274_ZZHJUEORHRSICM-VZVWNTEVSA-N']
1.0 1.386718e-09 ['P29274_ZZHJUEORHRSICM-VZVWNTEVSA-N']
0.0 1.0 ['P29274_ZZHJUEORHRSICM-VZVWNTEVSA-N']
0.0 8.4905487e-16 ['P29274_ZZHJUEORHRSICM-VZVWNTEVSA-N']
0.0 0.0 ['P29274_ZZHJUEORHRSICM-VZVWNTEVSA-N']
1.0 7.253216e-23 ['P29274_ZZHJUEORHRSICM-VZVWNTEVSA-N']
0.0 5.442388e-05 ['P29274_ZZHJUEORHRSICM-VZVWNTEVSA-N']
1.0 1.1820664e-09 ['P29274_ZZHJUEORHRSICM-VZVWNTEVSA-N']
0.0 6.235054e-33 ['P29274_ZZHJUEORHRSICM-VZVWNTEVSA-N']
1.0 1.0 ['P29274_ZZHJUEORHRSICM-VZVWNTEVSA-N']
0.0 7.465678e-20 ['P29274_ZZHJUEORHRSICM-VZVWNTEVSA-N']
0.0 1.4598471e-27 ['P29274_ZZHJUEORHRSICM-VZVWNTEVSA-N']
1.0 1.0 ['P29274_ZZHJUEORHRSICM-VZVWNTEVSA-N']
1.0 9.81318e-10 ['P29274_ZZHJUEORHRSICM-VZVWNTEVSA-N']
1.0 1.0 ['P29274_ZZHJUEORHRSICM-VZVWNTEVSA-N']
0.0 3.4392885e-21 ['P29274_ZZHJUEORHRSICM-VZVWNTEVSA-N']
0.0 3.4696347e-22 ['P29274_ZZHJUEORHRSICM-VZVWNTEVSA-N']
1.0 0.0002827807 ['P29274_ZZHJUEORHRSICM-VZVWNTEVSA-N']
1.0 0.9999597 ['P29274_ZZHJUEORHRSICM-VZVWNTEVSA-N']
0.0 0.0 ['P29274_ZZHJUEORHRSICM-VZVWNTEVSA-N']
0.0 3.7274345e-10 ['P29274_ZZHJUEORHRSICM-VZVWNTEVSA-N']
0.0 4.2925924e-21 ['P29274_ZZHJUEORHRSICM-VZVWNTEVSA-N']
0.0 0.0 ['P29274_ZZHJUEORHRSICM-VZVWNTEVSA-N']
1.0 1.0 ['P29274_ZZHJUEORHRSICM-VZVWNTEVSA-N']
0.0 0.0 ['P29274_ZZHJUEORHRSICM-VZVWNTEVSA-N']
0.0 5.387712e-10 ['P29274_ZZHJUEORHRSICM-VZVWNTEVSA-N']
0.0 1.4056411e-20 ['P29274_ZZHJUEORHRSICM-VZVWNTEVSA-N']
0.0 1.322854e-10 ['P29274_ZZHJUEORHRSICM-VZVWNTEVSA-N']
1.0 6.5204346e-26 ['P29274_ZZHJUEORHRSICM-VZVWNTEVSA-N']
0.0 1.9981528e-14 ['P29274_ZZHJUEORHRSICM-VZVWNTEVSA-N']
1.0 3.0719262e-19 ['P29274_ZZHJUEORHRSICM-VZVWNTEVSA-N']
1.0 1.0 ['P29274_ZZHJUEORHRSICM-VZVWNTEVSA-N']
1.0 0.0013082705 ['P29274_ZZHJUEORHRSICM-VZVWNTEVSA-N']
0.0 1.9538461e-30 ['P29274_ZZHJUEORHRSICM-VZVWNTEVSA-N']
0.0 7.929367e-35 ['P29274_ZZHJUEORHRSICM-VZVWNTEVSA-N']
0.0 4.3303187e-11 ['P29274_ZZHJUEORHRSICM-VZVWNTEVSA-N']
0.0 0.0 ['P29274_ZZHJUEORHRSICM-VZVWNTEVSA-N']
0.0 3.6830753e-17 ['P29274_ZZHJUEORHRSICM-VZVWNTEVSA-N']
0.0 0.0 ['P29274_ZZHJUEORHRSICM-VZVWNTEVSA-N']
0.0 4.529377e-14 ['P29274_ZZHJUEORHRSICM-VZVWNTEVSA-N']
0.0 1.32470195e-05 ['P29274_ZZHJUEORHRSICM-VZVWNTEVSA-N']
0.0 9.741633e-08 ['P29274_ZZHJUEORHRSICM-VZVWNTEVSA-N']
0.0 6.364136e-13 ['P29274_ZZHJUEORHRSICM-VZVWNTEVSA-N']
0.0 7.530045e-24 ['P29274_ZZHJUEORHRSICM-VZVWNTEVSA-N']
0.0 2.7650053e-18 ['P29274_ZZHJUEORHRSICM-VZVWNTEVSA-N']
0.0 3.247784e-26 ['P29274_ZZHJUEORHRSICM-VZVWNTEVSA-N']
0.0 3.5570048e-34 ['P29274_ZZHJUEORHRSICM-VZVWNTEVSA-N']
0.0 7.312317e-28 ['P29274_ZZHJUEORHRSICM-VZVWNTEVSA-N']
1.0 0.002472074 ['P29274_ZZHJUEORHRSICM-VZVWNTEVSA-N']
0.0 3.8195367e-24 ['P29274_ZZHJUEORHRSICM-VZVWNTEVSA-N']
1.0 0.017139815 ['P29274_ZZHJUEORHRSICM-VZVWNTEVSA-N']
0.0 1.0 ['P29274_ZZHJUEORHRSICM-VZVWNTEVSA-N']
0.0 0.0 ['P29274_ZZHJUEORHRSICM-VZVWNTEVSA-N']
1.0 1.2835848e-11 ['P29274_ZZHJUEORHRSICM-VZVWNTEVSA-N']
0.0 5.9624597e-25 ['P29274_ZZHJUEORHRSICM-VZVWNTEVSA-N']
0.0 4.6639184e-15 ['P29274_ZZHJUEORHRSICM-VZVWNTEVSA-N']
0.0 0.23288135 ['P29274_ZZHJUEORHRSICM-VZVWNTEVSA-N']
1.0 4.7947653e-21 ['P29274_ZZHJUEORHRSICM-VZVWNTEVSA-N']
0.0 4.2240023e-10 ['P29274_ZZHJUEORHRSICM-VZVWNTEVSA-N']
1.0 0.99358916 ['P29274_ZZHJUEORHRSICM-VZVWNTEVSA-N']
0.0 4.7931706e-30 ['P29274_ZZHJUEORHRSICM-VZVWNTEVSA-N']
1.0 1.4789642e-05 ['P29274_ZZHJUEORHRSICM-VZVWNTEVSA-N']
1.0 1.3077978e-23 ['P29274_ZZHJUEORHRSICM-VZVWNTEVSA-N']
0.0 1.0272081e-14 ['P29274_ZZHJUEORHRSICM-VZVWNTEVSA-N']
1.0 7.539874e-17 ['P29274_ZZHJUEORHRSICM-VZVWNTEVSA-N']
1.0 0.0043172785 ['P29274_ZZHJUEORHRSICM-VZVWNTEVSA-N']
0.0 1.9040208e-20 ['P29274_ZZHJUEORHRSICM-VZVWNTEVSA-N']
0.0 1.0 ['P29274_ZZHJUEORHRSICM-VZVWNTEVSA-N']
0.0 0.0 ['P29274_ZZHJUEORHRSICM-VZVWNTEVSA-N']
0.0 1.8107507e-13 ['P29274_ZZHJUEORHRSICM-VZVWNTEVSA-N']
0.0 0.0 ['P29274_ZZHJUEORHRSICM-VZVWNTEVSA-N']
1.0 1.0 ['P29274_ZZHJUEORHRSICM-VZVWNTEVSA-N']
0.0 3.6731035e-11 ['P29274_ZZHJUEORHRSICM-VZVWNTEVSA-N']
1.0 1.7652398e-12 ['P29274_ZZHJUEORHRSICM-VZVWNTEVSA-N']
0.0 0.0 ['P29274_ZZHJUEORHRSICM-VZVWNTEVSA-N']
0.0 2.3538562e-25 ['P29274_ZZHJUEORHRSICM-VZVWNTEVSA-N']
0.0 4.4105934e-14 ['P29274_ZZHJUEORHRSICM-VZVWNTEVSA-N']
0.0 9.114904e-16 ['P29274_ZZHJUEORHRSICM-VZVWNTEVSA-N']
1.0 1.9931919e-07 ['P29274_ZZHJUEORHRSICM-VZVWNTEVSA-N']
0.0 8.291573e-27 ['P29274_ZZHJUEORHRSICM-VZVWNTEVSA-N']
0.0 8.450222e-39 ['P29274_ZZHJUEORHRSICM-VZVWNTEVSA-N']
1.0 2.9030094e-08 ['P29274_ZZHJUEORHRSICM-VZVWNTEVSA-N']
0.0 1.3395166e-15 ['P29274_ZZHJUEORHRSICM-VZVWNTEVSA-N']
0.0 0.010796931 ['P29274_ZZHJUEORHRSICM-VZVWNTEVSA-N']
0.0 1.3029724e-12 ['P29274_ZZHJUEORHRSICM-VZVWNTEVSA-N']
0.0 8.586682e-28 ['P29274_ZZHJUEORHRSICM-VZVWNTEVSA-N']
1.0 2.6332922e-08 ['P29274_ZZHJUEORHRSICM-VZVWNTEVSA-N']
1.0 0.9809723 ['P29274_ZZHJUEORHRSICM-VZVWNTEVSA-N']
0.0 3.8947985e-15 ['P29274_ZZHJUEORHRSICM-VZVWNTEVSA-N']
0.0 3.4853945e-37 ['P29274_ZZHJUEORHRSICM-VZVWNTEVSA-N']
1.0 7.828264e-08 ['P29274_ZZHJUEORHRSICM-VZVWNTEVSA-N']
0.0 8.6166865e-06 ['P29274_ZZHJUEORHRSICM-VZVWNTEVSA-N']
0.0 4.4103057e-05 ['P29274_ZZHJUEORHRSICM-VZVWNTEVSA-N']
1.0 1.3145839e-10 ['P29274_ZZHJUEORHRSICM-VZVWNTEVSA-N']
0.0 8.22869e-17 ['P29274_ZZHJUEORHRSICM-VZVWNTEVSA-N']
0.0 2.5423951e-06 ['P29274_ZZHJUEORHRSICM-VZVWNTEVSA-N']
1.0 5.9880097e-33 ['P29274_ZZHJUEORHRSICM-VZVWNTEVSA-N']
1.0 3.140708e-07 ['P29274_ZZHJUEORHRSICM-VZVWNTEVSA-N']
1.0 3.3119588e-12 ['P29274_ZZHJUEORHRSICM-VZVWNTEVSA-N']
0.0 0.0 ['P29274_ZZHJUEORHRSICM-VZVWNTEVSA-N']
0.0 1.0 ['P29274_ZZHJUEORHRSICM-VZVWNTEVSA-N']
0.0 1.2561647e-27 ['P29274_ZZHJUEORHRSICM-VZVWNTEVSA-N']
1.0 0.0 ['P29274_ZZHJUEORHRSICM-VZVWNTEVSA-N']
0.0 1.0852415e-37 ['P29274_ZZHJUEORHRSICM-VZVWNTEVSA-N']
0.0 4.645023e-13 ['P29274_ZZHJUEORHRSICM-VZVWNTEVSA-N']
0.0 6.159971e-25 ['P29274_ZZHJUEORHRSICM-VZVWNTEVSA-N']
0.0 1.2190759e-38 ['P29274_ZZHJUEORHRSICM-VZVWNTEVSA-N']
0.0 1.0 ['P29274_ZZHJUEORHRSICM-VZVWNTEVSA-N']
1.0 3.2917965e-29 ['P29274_ZZHJUEORHRSICM-VZVWNTEVSA-N']
1.0 3.9448915e-37 ['P29274_ZZHJUEORHRSICM-VZVWNTEVSA-N']
1.0 2.435741e-07 ['P29274_ZZHJUEORHRSICM-VZVWNTEVSA-N']
0.0 1.1642064e-28 ['P29274_ZZHJUEORHRSICM-VZVWNTEVSA-N']
1.0 1.0 ['P29274_ZZHJUEORHRSICM-VZVWNTEVSA-N']
0.0 0.0 ['P29274_ZZHJUEORHRSICM-VZVWNTEVSA-N']
0.0 1.7217712e-16 ['P29274_ZZHJUEORHRSICM-VZVWNTEVSA-N']
0.0 1.634332e-22 ['P29274_ZZHJUEORHRSICM-VZVWNTEVSA-N']
0.0 0.0 ['P29274_ZZHJUEORHRSICM-VZVWNTEVSA-N']
0.0 3.1851357e-19 ['P29274_ZZHJUEORHRSICM-VZVWNTEVSA-N']
0.0 5.789287e-13 ['P29274_ZZHJUEORHRSICM-VZVWNTEVSA-N']
0.0 1.2708842e-09 ['P29274_ZZHJUEORHRSICM-VZVWNTEVSA-N']
0.0 0.49136725 ['P29274_ZZHJUEORHRSICM-VZVWNTEVSA-N']
0.0 0.0 ['P29274_ZZHJUEORHRSICM-VZVWNTEVSA-N']
0.0 1.6967575e-11 ['P29274_ZZHJUEORHRSICM-VZVWNTEVSA-N']
0.0 0.7210572 ['P29274_ZZHJUEORHRSICM-VZVWNTEVSA-N']
0.0 0.0003706437 ['P29274_ZZHJUEORHRSICM-VZVWNTEVSA-N']
0.0 9.567279e-18 ['P29274_ZZHJUEORHRSICM-VZVWNTEVSA-N']
0.0 1.2854014e-24 ['P29274_ZZHJUEORHRSICM-VZVWNTEVSA-N']
1.0 2.3262267e-12 ['P29274_ZZHJUEORHRSICM-VZVWNTEVSA-N']
0.0 8.3743695e-37 ['P29274_ZZHJUEORHRSICM-VZVWNTEVSA-N']
0.0 8.05868e-38 ['P29274_ZZHJUEORHRSICM-VZVWNTEVSA-N']
0.0 8.259869e-29 ['P29274_ZZHJUEORHRSICM-VZVWNTEVSA-N']
0.0 0.30048898 ['P29274_ZZHJUEORHRSICM-VZVWNTEVSA-N']
0.0 1.0 ['P29274_ZZHJUEORHRSICM-VZVWNTEVSA-N']
1.0 2.917322e-25 ['P29274_ZZHJUEORHRSICM-VZVWNTEVSA-N']
0.0 0.0 ['P29274_ZZHJUEORHRSICM-VZVWNTEVSA-N']
0.0 8.8313764e-29 ['P29274_ZZHJUEORHRSICM-VZVWNTEVSA-N']
0.0 1.0 ['P29274_ZZHJUEORHRSICM-VZVWNTEVSA-N']
1.0 1.0 ['P29274_ZZHJUEORHRSICM-VZVWNTEVSA-N']
1.0 1.0841554e-07 ['P29274_ZZHJUEORHRSICM-VZVWNTEVSA-N']
1.0 1.1983658e-13 ['P29274_ZZHJUEORHRSICM-VZVWNTEVSA-N']
1.0 9.844181e-30 ['P29274_ZZHJUEORHRSICM-VZVWNTEVSA-N']
0.0 0.0 ['P29274_ZZHJUEORHRSICM-VZVWNTEVSA-N']
1.0 7.702691e-28 ['P29274_ZZHJUEORHRSICM-VZVWNTEVSA-N']
1.0 0.0 ['P29274_ZZHJUEORHRSICM-VZVWNTEVSA-N']
0.0 4.525961e-31 ['P29274_ZZHJUEORHRSICM-VZVWNTEVSA-N']
1.0 2.159167e-14 ['P29274_ZZHJUEORHRSICM-VZVWNTEVSA-N']
0.0 1.0 ['P29274_ZZHJUEORHRSICM-VZVWNTEVSA-N']
0.0 0.04086713 ['P29274_ZZHJUEORHRSICM-VZVWNTEVSA-N']
0.0 1.0 ['P29274_ZZHJUEORHRSICM-VZVWNTEVSA-N']
0.0 8.490453e-12 ['P29274_ZZHJUEORHRSICM-VZVWNTEVSA-N']
0.0 1.0 ['P29274_ZZHJUEORHRSICM-VZVWNTEVSA-N']
1.0 0.6638026 ['P29274_ZZHJUEORHRSICM-VZVWNTEVSA-N']
0.0 9.054925e-21 ['P29274_ZZHJUEORHRSICM-VZVWNTEVSA-N']
0.0 1.0 ['P29274_ZZHJUEORHRSICM-VZVWNTEVSA-N']
0.0 1.0 ['P29274_ZZHJUEORHRSICM-VZVWNTEVSA-N']
1.0 3.995069e-08 ['P29274_ZZHJUEORHRSICM-VZVWNTEVSA-N']
1.0 0.885808 ['P29274_ZZHJUEORHRSICM-VZVWNTEVSA-N']
0.0 0.0 ['P29274_ZZHJUEORHRSICM-VZVWNTEVSA-N']
0.0 1.3225343e-20 ['P29274_ZZHJUEORHRSICM-VZVWNTEVSA-N']
0.0 4.5371168e-21 ['P29274_ZZHJUEORHRSICM-VZVWNTEVSA-N']
1.0 0.0072997157 ['P29274_ZZHJUEORHRSICM-VZVWNTEVSA-N']
1.0 1.5022887e-05 ['P29274_ZZHJUEORHRSICM-VZVWNTEVSA-N']
0.0 1.5947022e-36 ['P29274_ZZHJUEORHRSICM-VZVWNTEVSA-N']
1.0 4.6110044e-16 ['P29274_ZZHJUEORHRSICM-VZVWNTEVSA-N']
1.0 2.4348512e-10 ['P29274_ZZHJUEORHRSICM-VZVWNTEVSA-N']
1.0 4.5171053e-08 ['P29274_ZZHJUEORHRSICM-VZVWNTEVSA-N']
0.0 1.06532535e-11 ['P29274_ZZHJUEORHRSICM-VZVWNTEVSA-N']
0.0 4.2048926e-15 ['P29274_ZZHJUEORHRSICM-VZVWNTEVSA-N']
0.0 3.5886025e-16 ['P29274_ZZHJUEORHRSICM-VZVWNTEVSA-N']
0.0 0.0 ['P29274_ZZHJUEORHRSICM-VZVWNTEVSA-N']
0.0 0.0 ['P29274_ZZHJUEORHRSICM-VZVWNTEVSA-N']
0.0 2.8171857e-18 ['P29274_ZZHJUEORHRSICM-VZVWNTEVSA-N']
1.0 1.0 ['P29274_ZZHJUEORHRSICM-VZVWNTEVSA-N']
0.0 4.6771455e-27 ['P29274_ZZHJUEORHRSICM-VZVWNTEVSA-N']
0.0 1.9498982e-13 ['P29274_ZZHJUEORHRSICM-VZVWNTEVSA-N']
0.0 7.711607e-26 ['P29274_ZZHJUEORHRSICM-VZVWNTEVSA-N']
1.0 2.556596e-19 ['P29274_ZZHJUEORHRSICM-VZVWNTEVSA-N']
1.0 1.0 ['P29274_ZZHJUEORHRSICM-VZVWNTEVSA-N']
0.0 2.9031006e-25 ['P29274_ZZHJUEORHRSICM-VZVWNTEVSA-N']
0.0 9.480618e-13 ['P29274_ZZHJUEORHRSICM-VZVWNTEVSA-N']
0.0 0.9964186 ['P29274_ZZHJUEORHRSICM-VZVWNTEVSA-N']
0.0 3.673319e-27 ['P29274_ZZHJUEORHRSICM-VZVWNTEVSA-N']
0.0 1.914575e-12 ['P29274_ZZHJUEORHRSICM-VZVWNTEVSA-N']
0.0 0.0 ['P29274_ZZHJUEORHRSICM-VZVWNTEVSA-N']
1.0 1.3646382e-32 ['P29274_ZZHJUEORHRSICM-VZVWNTEVSA-N']
0.0 2.8027015e-20 ['P29274_ZZHJUEORHRSICM-VZVWNTEVSA-N']
0.0 8.8439204e-36 ['P29274_ZZHJUEORHRSICM-VZVWNTEVSA-N']
0.0 0.8655647 ['P29274_ZZHJUEORHRSICM-VZVWNTEVSA-N']
1.0 0.00042005052 ['P29274_ZZHJUEORHRSICM-VZVWNTEVSA-N']
1.0 1.9919817e-09 ['P29274_ZZHJUEORHRSICM-VZVWNTEVSA-N']
0.0 0.0 ['P29274_ZZHJUEORHRSICM-VZVWNTEVSA-N']
0.0 1.0 ['P29274_ZZHJUEORHRSICM-VZVWNTEVSA-N']
1.0 7.0113315e-10 ['P29274_ZZHJUEORHRSICM-VZVWNTEVSA-N']
0.0 8.329127e-06 ['P29274_ZZHJUEORHRSICM-VZVWNTEVSA-N']
0.0 4.365002e-28 ['P29274_ZZHJUEORHRSICM-VZVWNTEVSA-N']
1.0 3.8184709e-25 ['P29274_ZZHJUEORHRSICM-VZVWNTEVSA-N']
1.0 1.0 ['P29274_ZZHJUEORHRSICM-VZVWNTEVSA-N']
1.0 0.3434728 ['P29274_ZZHJUEORHRSICM-VZVWNTEVSA-N']
0.0 1.0 ['P29274_ZZHJUEORHRSICM-VZVWNTEVSA-N']
0.0 3.7880787e-31 ['P29274_ZZHJUEORHRSICM-VZVWNTEVSA-N']
0.0 9.969217e-10 ['P29274_ZZHJUEORHRSICM-VZVWNTEVSA-N']
1.0 3.663153e-12 ['P29274_ZZHJUEORHRSICM-VZVWNTEVSA-N']
0.0 0.116418205 ['P29274_ZZHJUEORHRSICM-VZVWNTEVSA-N']
0.0 2.3188221e-10 ['P29274_ZZHJUEORHRSICM-VZVWNTEVSA-N']
1.0 6.317727e-14 ['P29274_ZZHJUEORHRSICM-VZVWNTEVSA-N']
0.0 2.1911635e-35 ['P29274_ZZHJUEORHRSICM-VZVWNTEVSA-N']
1.0 8.28098e-28 ['P29274_ZZHJUEORHRSICM-VZVWNTEVSA-N']
0.0 6.946444e-20 ['P29274_ZZHJUEORHRSICM-VZVWNTEVSA-N']
0.0 0.0 ['P29274_ZZHJUEORHRSICM-VZVWNTEVSA-N']
0.0 1.00651175e-19 ['P29274_ZZHJUEORHRSICM-VZVWNTEVSA-N']
0.0 1.4604343e-09 ['P29274_ZZHJUEORHRSICM-VZVWNTEVSA-N']
0.0 0.0 ['P29274_ZZHJUEORHRSICM-VZVWNTEVSA-N']
0.0 0.0 ['P29274_ZZHJUEORHRSICM-VZVWNTEVSA-N']
0.0 0.0 ['P29274_ZZHJUEORHRSICM-VZVWNTEVSA-N']
0.0 1.0 ['P29274_ZZHJUEORHRSICM-VZVWNTEVSA-N']
0.0 1.856594e-23 ['P29274_ZZHJUEORHRSICM-VZVWNTEVSA-N']
0.0 1.1557761e-14 ['P29274_ZZHJUEORHRSICM-VZVWNTEVSA-N']
0.0 2.396998e-13 ['P29274_ZZHJUEORHRSICM-VZVWNTEVSA-N']
1.0 1.0512732e-17 ['P29274_ZZHJUEORHRSICM-VZVWNTEVSA-N']
0.0 0.0 ['P29274_ZZHJUEORHRSICM-VZVWNTEVSA-N']
1.0 1.0 ['P29274_ZZHJUEORHRSICM-VZVWNTEVSA-N']
0.0 8.800591e-32 ['P29274_ZZHJUEORHRSICM-VZVWNTEVSA-N']
0.0 9.484366e-12 ['P29274_ZZHJUEORHRSICM-VZVWNTEVSA-N']
0.0 0.0 ['P29274_ZZHJUEORHRSICM-VZVWNTEVSA-N']
0.0 0.99993 ['P29274_ZZHJUEORHRSICM-VZVWNTEVSA-N']
0.0 7.279996e-15 ['P29274_ZZHJUEORHRSICM-VZVWNTEVSA-N']
0.0 2.5479754e-11 ['P29274_ZZHJUEORHRSICM-VZVWNTEVSA-N']
1.0 1.4781521e-05 ['P29274_ZZHJUEORHRSICM-VZVWNTEVSA-N']
0.0 2.5707322e-23 ['P29274_ZZHJUEORHRSICM-VZVWNTEVSA-N']
0.0 1.0595462e-33 ['P29274_ZZHJUEORHRSICM-VZVWNTEVSA-N']
0.0 0.0 ['P29274_ZZHJUEORHRSICM-VZVWNTEVSA-N']
1.0 5.371466e-11 ['P29274_ZZHJUEORHRSICM-VZVWNTEVSA-N']
0.0 1.0 ['P29274_ZZHJUEORHRSICM-VZVWNTEVSA-N']
0.0 9.0128e-24 ['P29274_ZZHJUEORHRSICM-VZVWNTEVSA-N']
0.0 0.0 ['P29274_ZZHJUEORHRSICM-VZVWNTEVSA-N']
0.0 3.5989468e-27 ['P29274_ZZHJUEORHRSICM-VZVWNTEVSA-N']
1.0 1.7625293e-22 ['P29274_ZZHJUEORHRSICM-VZVWNTEVSA-N']
0.0 2.765605e-07 ['P29274_ZZHJUEORHRSICM-VZVWNTEVSA-N']
0.0 4.1106996e-15 ['P29274_ZZHJUEORHRSICM-VZVWNTEVSA-N']
0.0 7.6752964e-28 ['P29274_ZZHJUEORHRSICM-VZVWNTEVSA-N']
1.0 8.6204703e-13 ['P29274_ZZHJUEORHRSICM-VZVWNTEVSA-N']
0.0 0.0007129007 ['P29274_ZZHJUEORHRSICM-VZVWNTEVSA-N']
0.0 3.0502224e-24 ['P29274_ZZHJUEORHRSICM-VZVWNTEVSA-N']
0.0 0.04402901 ['P29274_ZZHJUEORHRSICM-VZVWNTEVSA-N']
0.0 4.8468865e-19 ['P29274_ZZHJUEORHRSICM-VZVWNTEVSA-N']
0.0 1.0 ['P29274_ZZHJUEORHRSICM-VZVWNTEVSA-N']
1.0 0.0594529 ['P29274_ZZHJUEORHRSICM-VZVWNTEVSA-N']
0.0 0.0 ['P29274_ZZHJUEORHRSICM-VZVWNTEVSA-N']
1.0 4.877715e-11 ['P29274_ZZHJUEORHRSICM-VZVWNTEVSA-N']
0.0 4.563639e-14 ['P29274_ZZHJUEORHRSICM-VZVWNTEVSA-N']
1.0 1.0629879e-17 ['P29274_ZZHJUEORHRSICM-VZVWNTEVSA-N']
0.0 1.4276023e-09 ['P29274_ZZHJUEORHRSICM-VZVWNTEVSA-N']
0.0 2.5918554e-29 ['P29274_ZZHJUEORHRSICM-VZVWNTEVSA-N']
1.0 1.6540965e-07 ['P29274_ZZHJUEORHRSICM-VZVWNTEVSA-N']
0.0 2.9009566e-15 ['P29274_ZZHJUEORHRSICM-VZVWNTEVSA-N']
0.0 0.00010906453 ['P29274_ZZHJUEORHRSICM-VZVWNTEVSA-N']
0.0 2.022242e-18 ['P29274_ZZHJUEORHRSICM-VZVWNTEVSA-N']
0.0 9.781043e-28 ['P29274_ZZHJUEORHRSICM-VZVWNTEVSA-N']
1.0 4.854158e-08 ['P29274_ZZHJUEORHRSICM-VZVWNTEVSA-N']
0.0 0.0 ['P29274_ZZHJUEORHRSICM-VZVWNTEVSA-N']
1.0 1.547698e-05 ['P29274_ZZHJUEORHRSICM-VZVWNTEVSA-N']
0.0 2.5196833e-15 ['P29274_ZZHJUEORHRSICM-VZVWNTEVSA-N']
0.0 0.8056265 ['P29274_ZZHJUEORHRSICM-VZVWNTEVSA-N']
1.0 0.023562301 ['P29274_ZZHJUEORHRSICM-VZVWNTEVSA-N']
1.0 0.9973339 ['P29274_ZZHJUEORHRSICM-VZVWNTEVSA-N']
0.0 0.50327957 ['P29274_ZZHJUEORHRSICM-VZVWNTEVSA-N']
1.0 7.3691275e-11 ['P29274_ZZHJUEORHRSICM-VZVWNTEVSA-N']
0.0 2.3326602e-27 ['P29274_ZZHJUEORHRSICM-VZVWNTEVSA-N']
0.0 1.3852537e-20 ['P29274_ZZHJUEORHRSICM-VZVWNTEVSA-N']
1.0 1.4787015e-12 ['P29274_ZZHJUEORHRSICM-VZVWNTEVSA-N']
1.0 0.00027691646 ['P29274_ZZHJUEORHRSICM-VZVWNTEVSA-N']
0.0 2.638649e-25 ['P29274_ZZHJUEORHRSICM-VZVWNTEVSA-N']
0.0 8.713412e-23 ['P29274_ZZHJUEORHRSICM-VZVWNTEVSA-N']
0.0 1.0 ['P29274_ZZHJUEORHRSICM-VZVWNTEVSA-N']
0.0 4.8147135e-18 ['P29274_ZZHJUEORHRSICM-VZVWNTEVSA-N']
0.0 1.4031317e-23 ['P29274_ZZHJUEORHRSICM-VZVWNTEVSA-N']
1.0 0.0050895168 ['P29274_ZZHJUEORHRSICM-VZVWNTEVSA-N']
0.0 7.477934e-20 ['P29274_ZZHJUEORHRSICM-VZVWNTEVSA-N']
0.0 0.0005113612 ['P29274_ZZHJUEORHRSICM-VZVWNTEVSA-N']
1.0 9.554781e-06 ['P29274_ZZHJUEORHRSICM-VZVWNTEVSA-N']
0.0 2.3065252e-24 ['P29274_ZZHJUEORHRSICM-VZVWNTEVSA-N']
1.0 1.3335358e-08 ['P29274_ZZHJUEORHRSICM-VZVWNTEVSA-N']
1.0 7.241653e-10 ['P29274_ZZHJUEORHRSICM-VZVWNTEVSA-N']
0.0 1.3242534e-06 ['P29274_ZZHJUEORHRSICM-VZVWNTEVSA-N']
0.0 1.688008e-13 ['P29274_ZZHJUEORHRSICM-VZVWNTEVSA-N']
0.0 3.284341e-17 ['P29274_ZZHJUEORHRSICM-VZVWNTEVSA-N']
1.0 1.600672e-17 ['P29274_ZZHJUEORHRSICM-VZVWNTEVSA-N']
0.0 3.8293414e-31 ['P29274_ZZHJUEORHRSICM-VZVWNTEVSA-N']
0.0 7.238935e-13 ['P29274_ZZHJUEORHRSICM-VZVWNTEVSA-N']
0.0 2.2364436e-13 ['P29274_ZZHJUEORHRSICM-VZVWNTEVSA-N']
1.0 1.0 ['P29274_ZZHJUEORHRSICM-VZVWNTEVSA-N']
1.0 5.4478726e-14 ['P29274_ZZHJUEORHRSICM-VZVWNTEVSA-N']
0.0 1.0 ['P29274_ZZHJUEORHRSICM-VZVWNTEVSA-N']
0.0 8.676956e-31 ['P29274_ZZHJUEORHRSICM-VZVWNTEVSA-N']
0.0 0.0 ['P29274_ZZHJUEORHRSICM-VZVWNTEVSA-N']
0.0 9.5486104e-33 ['P29274_ZZHJUEORHRSICM-VZVWNTEVSA-N']
0.0 0.0 ['P29274_ZZHJUEORHRSICM-VZVWNTEVSA-N']
0.0 5.30317e-37 ['P29274_ZZHJUEORHRSICM-VZVWNTEVSA-N']
0.0 0.0 ['P29274_ZZHJUEORHRSICM-VZVWNTEVSA-N']
0.0 1.1929793e-09 ['P29274_ZZHJUEORHRSICM-VZVWNTEVSA-N']
0.0 1.9118456e-27 ['P29274_ZZHJUEORHRSICM-VZVWNTEVSA-N']
0.0 1.5797666e-19 ['P29274_ZZHJUEORHRSICM-VZVWNTEVSA-N']
0.0 2.9945031e-16 ['P29274_ZZHJUEORHRSICM-VZVWNTEVSA-N']
1.0 0.4413578 ['P29274_ZZHJUEORHRSICM-VZVWNTEVSA-N']
0.0 0.0 ['P29274_ZZHJUEORHRSICM-VZVWNTEVSA-N']
1.0 4.2418017e-07 ['P29274_ZZHJUEORHRSICM-VZVWNTEVSA-N']
1.0 4.192025e-11 ['P29274_ZZHJUEORHRSICM-VZVWNTEVSA-N']
0.0 3.2691894e-33 ['P29274_ZZHJUEORHRSICM-VZVWNTEVSA-N']
0.0 1.0 ['P29274_ZZHJUEORHRSICM-VZVWNTEVSA-N']
0.0 3.2544813e-05 ['P29274_ZZHJUEORHRSICM-VZVWNTEVSA-N']
0.0 1.8235239e-06 ['P29274_ZZHJUEORHRSICM-VZVWNTEVSA-N']
1.0 8.784954e-26 ['P29274_ZZHJUEORHRSICM-VZVWNTEVSA-N']
0.0 6.1740657e-09 ['P29274_ZZHJUEORHRSICM-VZVWNTEVSA-N']
0.0 1.3033782e-26 ['P29274_ZZHJUEORHRSICM-VZVWNTEVSA-N']
0.0 2.1619282e-05 ['P29274_ZZHJUEORHRSICM-VZVWNTEVSA-N']
0.0 1.2495919e-14 ['P29274_ZZHJUEORHRSICM-VZVWNTEVSA-N']
1.0 0.00014471509 ['P29274_ZZHJUEORHRSICM-VZVWNTEVSA-N']
0.0 1.1135095e-31 ['P29274_ZZHJUEORHRSICM-VZVWNTEVSA-N']
1.0 2.2013193e-11 ['P29274_ZZHJUEORHRSICM-VZVWNTEVSA-N']
0.0 2.5210718e-27 ['P29274_ZZHJUEORHRSICM-VZVWNTEVSA-N']
1.0 0.0007055377 ['P29274_ZZHJUEORHRSICM-VZVWNTEVSA-N']
0.0 6.5563927e-21 ['P29274_ZZHJUEORHRSICM-VZVWNTEVSA-N']
0.0 2.009905e-34 ['P29274_ZZHJUEORHRSICM-VZVWNTEVSA-N']
1.0 4.1754966e-08 ['P29274_ZZHJUEORHRSICM-VZVWNTEVSA-N']
0.0 6.844053e-26 ['P29274_ZZHJUEORHRSICM-VZVWNTEVSA-N']
0.0 9.8144325e-14 ['P29274_ZZHJUEORHRSICM-VZVWNTEVSA-N']
0.0 2.8150943e-23 ['P29274_ZZHJUEORHRSICM-VZVWNTEVSA-N']
1.0 8.336775e-33 ['P29274_ZZHJUEORHRSICM-VZVWNTEVSA-N']
0.0 9.87176e-12 ['P29274_ZZHJUEORHRSICM-VZVWNTEVSA-N']
0.0 9.75151e-11 ['P29274_ZZHJUEORHRSICM-VZVWNTEVSA-N']
0.0 8.72339e-15 ['P29274_ZZHJUEORHRSICM-VZVWNTEVSA-N']
1.0 6.2903e-05 ['P29274_ZZHJUEORHRSICM-VZVWNTEVSA-N']
1.0 1.9789246e-20 ['P29274_ZZHJUEORHRSICM-VZVWNTEVSA-N']
1.0 5.864793e-14 ['P29274_ZZHJUEORHRSICM-VZVWNTEVSA-N']
0.0 5.5483426e-05 ['P29274_ZZHJUEORHRSICM-VZVWNTEVSA-N']
1.0 0.9999553 ['P29274_ZZHJUEORHRSICM-VZVWNTEVSA-N']
1.0 1.17252155e-08 ['P29274_ZZHJUEORHRSICM-VZVWNTEVSA-N']
0.0 3.4565289e-15 ['P29274_ZZHJUEORHRSICM-VZVWNTEVSA-N']
0.0 0.29477423 ['P29274_ZZHJUEORHRSICM-VZVWNTEVSA-N']
0.0 0.6227621 ['P29274_ZZHJUEORHRSICM-VZVWNTEVSA-N']
0.0 2.937258e-15 ['P29274_ZZHJUEORHRSICM-VZVWNTEVSA-N']
0.0 7.582967e-17 ['P29274_ZZHJUEORHRSICM-VZVWNTEVSA-N']
1.0 2.7566097e-08 ['P29274_ZZHJUEORHRSICM-VZVWNTEVSA-N']
0.0 4.1109831e-22 ['P29274_ZZHJUEORHRSICM-VZVWNTEVSA-N']
0.0 1.3209237e-31 ['P29274_ZZHJUEORHRSICM-VZVWNTEVSA-N']
0.0 6.808818e-19 ['P29274_ZZHJUEORHRSICM-VZVWNTEVSA-N']
1.0 0.00013247077 ['P29274_ZZHJUEORHRSICM-VZVWNTEVSA-N']
0.0 1.594703e-20 ['P29274_ZZHJUEORHRSICM-VZVWNTEVSA-N']
0.0 9.531656e-17 ['P29274_ZZHJUEORHRSICM-VZVWNTEVSA-N']
0.0 1.1866131e-25 ['P29274_ZZHJUEORHRSICM-VZVWNTEVSA-N']
0.0 0.0 ['P29274_ZZHJUEORHRSICM-VZVWNTEVSA-N']
0.0 2.4522224e-24 ['P29274_ZZHJUEORHRSICM-VZVWNTEVSA-N']
1.0 4.2077656e-05 ['P29274_ZZHJUEORHRSICM-VZVWNTEVSA-N']
0.0 1.0 ['P29274_ZZHJUEORHRSICM-VZVWNTEVSA-N']
1.0 1.3111356e-05 ['P29274_ZZHJUEORHRSICM-VZVWNTEVSA-N']
0.0 2.1150993e-07 ['P29274_ZZHJUEORHRSICM-VZVWNTEVSA-N']
0.0 3.9924285e-37 ['P29274_ZZHJUEORHRSICM-VZVWNTEVSA-N']
0.0 1.0 ['P29274_ZZHJUEORHRSICM-VZVWNTEVSA-N']
0.0 2.8631672e-17 ['P29274_ZZHJUEORHRSICM-VZVWNTEVSA-N']
1.0 5.666108e-07 ['P29274_ZZHJUEORHRSICM-VZVWNTEVSA-N']
1.0 2.0992633e-19 ['P29274_ZZHJUEORHRSICM-VZVWNTEVSA-N']
0.0 1.0 ['P29274_ZZHJUEORHRSICM-VZVWNTEVSA-N']
0.0 1.2505109e-16 ['P29274_ZZHJUEORHRSICM-VZVWNTEVSA-N']
0.0 1.4487197e-18 ['P29274_ZZHJUEORHRSICM-VZVWNTEVSA-N']
1.0 5.120948e-07 ['P29274_ZZHJUEORHRSICM-VZVWNTEVSA-N']
0.0 0.0 ['P29274_ZZHJUEORHRSICM-VZVWNTEVSA-N']
1.0 1.9931939e-07 ['P29274_ZZHJUEORHRSICM-VZVWNTEVSA-N']
0.0 0.0 ['P29274_ZZHJUEORHRSICM-VZVWNTEVSA-N']
0.0 1.634649e-38 ['P29274_ZZHJUEORHRSICM-VZVWNTEVSA-N']
0.0 1.9089605e-11 ['P29274_ZZHJUEORHRSICM-VZVWNTEVSA-N']
1.0 1.0402253e-13 ['P29274_ZZHJUEORHRSICM-VZVWNTEVSA-N']
0.0 7.9127115e-29 ['P29274_ZZHJUEORHRSICM-VZVWNTEVSA-N']
0.0 1.0 ['P29274_ZZHJUEORHRSICM-VZVWNTEVSA-N']
0.0 2.4263576e-14 ['P29274_ZZHJUEORHRSICM-VZVWNTEVSA-N']
0.0 0.0 ['P29274_ZZHJUEORHRSICM-VZVWNTEVSA-N']
0.0 2.325554e-33 ['P29274_ZZHJUEORHRSICM-VZVWNTEVSA-N']
0.0 9.221782e-24 ['P29274_ZZHJUEORHRSICM-VZVWNTEVSA-N']
0.0 9.812213e-20 ['P29274_ZZHJUEORHRSICM-VZVWNTEVSA-N']
0.0 1.8674545e-08 ['P29274_ZZHJUEORHRSICM-VZVWNTEVSA-N']
1.0 1.0 ['P29274_ZZHJUEORHRSICM-VZVWNTEVSA-N']
0.0 0.0 ['P29274_ZZHJUEORHRSICM-VZVWNTEVSA-N']
0.0 6.130792e-15 ['P29274_ZZHJUEORHRSICM-VZVWNTEVSA-N']
0.0 0.99999976 ['P29274_ZZHJUEORHRSICM-VZVWNTEVSA-N']
0.0 0.0 ['P29274_ZZHJUEORHRSICM-VZVWNTEVSA-N']
0.0 8.832073e-09 ['P29274_ZZHJUEORHRSICM-VZVWNTEVSA-N']
0.0 6.2361496e-25 ['P29274_ZZHJUEORHRSICM-VZVWNTEVSA-N']
1.0 6.5682237e-09 ['P29274_ZZHJUEORHRSICM-VZVWNTEVSA-N']
1.0 0.008831517 ['P29274_ZZHJUEORHRSICM-VZVWNTEVSA-N']
0.0 1.3365384e-07 ['P29274_ZZHJUEORHRSICM-VZVWNTEVSA-N']
0.0 0.0 ['P29274_ZZHJUEORHRSICM-VZVWNTEVSA-N']
1.0 4.0515394e-16 ['P29274_ZZHJUEORHRSICM-VZVWNTEVSA-N']
0.0 2.8379167e-33 ['P29274_ZZHJUEORHRSICM-VZVWNTEVSA-N']
0.0 5.5202847e-26 ['P29274_ZZHJUEORHRSICM-VZVWNTEVSA-N']
1.0 3.537226e-17 ['P29274_ZZHJUEORHRSICM-VZVWNTEVSA-N']
0.0 1.0 ['P29274_ZZHJUEORHRSICM-VZVWNTEVSA-N']
0.0 0.0 ['P29274_ZZHJUEORHRSICM-VZVWNTEVSA-N']
1.0 0.901961 ['P29274_ZZHJUEORHRSICM-VZVWNTEVSA-N']
0.0 0.0 ['P29274_ZZHJUEORHRSICM-VZVWNTEVSA-N']
1.0 3.8984056e-25 ['P29274_ZZHJUEORHRSICM-VZVWNTEVSA-N']
0.0 0.0 ['P29274_ZZHJUEORHRSICM-VZVWNTEVSA-N']
0.0 0.00045932713 ['P29274_ZZHJUEORHRSICM-VZVWNTEVSA-N']
1.0 0.1307178 ['P29274_ZZHJUEORHRSICM-VZVWNTEVSA-N']
0.0 4.432176e-17 ['P29274_ZZHJUEORHRSICM-VZVWNTEVSA-N']
0.0 1.4116438e-12 ['P29274_ZZHJUEORHRSICM-VZVWNTEVSA-N']
0.0 1.7377921e-24 ['P29274_ZZHJUEORHRSICM-VZVWNTEVSA-N']
0.0 8.5859e-27 ['P29274_ZZHJUEORHRSICM-VZVWNTEVSA-N']
0.0 0.0 ['P29274_ZZHJUEORHRSICM-VZVWNTEVSA-N']
0.0 1.3039623e-15 ['P29274_ZZHJUEORHRSICM-VZVWNTEVSA-N']
0.0 0.0 ['P29274_ZZHJUEORHRSICM-VZVWNTEVSA-N']
0.0 6.3129944e-36 ['P29274_ZZHJUEORHRSICM-VZVWNTEVSA-N']
1.0 9.0282686e-20 ['P29274_ZZHJUEORHRSICM-VZVWNTEVSA-N']
0.0 5.3883184e-25 ['P29274_ZZHJUEORHRSICM-VZVWNTEVSA-N']
1.0 1.5568803e-23 ['P29274_ZZHJUEORHRSICM-VZVWNTEVSA-N']
0.0 2.6847783e-38 ['P29274_ZZHJUEORHRSICM-VZVWNTEVSA-N']
1.0 4.2963375e-09 ['P29274_ZZHJUEORHRSICM-VZVWNTEVSA-N']
0.0 4.8282237e-14 ['P29274_ZZHJUEORHRSICM-VZVWNTEVSA-N']
1.0 3.384622e-11 ['P29274_ZZHJUEORHRSICM-VZVWNTEVSA-N']
0.0 1.0 ['P29274_ZZHJUEORHRSICM-VZVWNTEVSA-N']
0.0 1.0309287e-23 ['P29274_ZZHJUEORHRSICM-VZVWNTEVSA-N']
0.0 1.0 ['P29274_ZZHJUEORHRSICM-VZVWNTEVSA-N']
1.0 9.387652e-11 ['P29274_ZZHJUEORHRSICM-VZVWNTEVSA-N']
0.0 3.46089e-26 ['P29274_ZZHJUEORHRSICM-VZVWNTEVSA-N']
1.0 0.9999938 ['P29274_ZZHJUEORHRSICM-VZVWNTEVSA-N']
0.0 2.811789e-23 ['P29274_ZZHJUEORHRSICM-VZVWNTEVSA-N']
0.0 2.5109799e-23 ['P29274_ZZHJUEORHRSICM-VZVWNTEVSA-N']
0.0 3.6253502e-33 ['P29274_ZZHJUEORHRSICM-VZVWNTEVSA-N']
1.0 6.302746e-28 ['P29274_ZZHJUEORHRSICM-VZVWNTEVSA-N']
1.0 0.00069430604 ['P29274_ZZHJUEORHRSICM-VZVWNTEVSA-N']
1.0 2.7972888e-33 ['P29274_ZZHJUEORHRSICM-VZVWNTEVSA-N']
0.0 5.8970706e-08 ['P29274_ZZHJUEORHRSICM-VZVWNTEVSA-N']
0.0 3.8776338e-14 ['P29274_ZZHJUEORHRSICM-VZVWNTEVSA-N']
0.0 1.6265398e-28 ['P29274_ZZHJUEORHRSICM-VZVWNTEVSA-N']
0.0 0.00094158645 ['P29274_ZZHJUEORHRSICM-VZVWNTEVSA-N']
0.0 3.2518654e-17 ['P29274_ZZHJUEORHRSICM-VZVWNTEVSA-N']
0.0 6.266832e-28 ['P29274_ZZHJUEORHRSICM-VZVWNTEVSA-N']
0.0 4.120316e-26 ['P29274_ZZHJUEORHRSICM-VZVWNTEVSA-N']
0.0 0.0 ['P29274_ZZHJUEORHRSICM-VZVWNTEVSA-N']
1.0 7.116115e-27 ['P29274_ZZHJUEORHRSICM-VZVWNTEVSA-N']
0.0 0.0 ['P29274_ZZHJUEORHRSICM-VZVWNTEVSA-N']
1.0 1.99319e-07 ['P29274_ZZHJUEORHRSICM-VZVWNTEVSA-N']
1.0 1.15095045e-35 ['P29274_ZZHJUEORHRSICM-VZVWNTEVSA-N']
0.0 2.1113579e-27 ['P29274_ZZHJUEORHRSICM-VZVWNTEVSA-N']
0.0 3.058792e-28 ['P29274_ZZHJUEORHRSICM-VZVWNTEVSA-N']
0.0 0.0 ['P29274_ZZHJUEORHRSICM-VZVWNTEVSA-N']
0.0 6.68147e-22 ['P29274_ZZHJUEORHRSICM-VZVWNTEVSA-N']
0.0 1.0 ['P29274_ZZHJUEORHRSICM-VZVWNTEVSA-N']
0.0 1.0445328e-26 ['P29274_ZZHJUEORHRSICM-VZVWNTEVSA-N']
1.0 1.5179235e-07 ['P29274_ZZHJUEORHRSICM-VZVWNTEVSA-N']
0.0 0.47805908 ['P29274_ZZHJUEORHRSICM-VZVWNTEVSA-N']
0.0 1.8216478e-33 ['P29274_ZZHJUEORHRSICM-VZVWNTEVSA-N']
1.0 8.5997476e-16 ['P29274_ZZHJUEORHRSICM-VZVWNTEVSA-N']
0.0 0.028588837 ['P29274_ZZHJUEORHRSICM-VZVWNTEVSA-N']
0.0 1.1912451e-38 ['P29274_ZZHJUEORHRSICM-VZVWNTEVSA-N']
0.0 0.99637896 ['P29274_ZZHJUEORHRSICM-VZVWNTEVSA-N']
1.0 9.756719e-11 ['P29274_ZZHJUEORHRSICM-VZVWNTEVSA-N']
0.0 5.99687e-21 ['P29274_ZZHJUEORHRSICM-VZVWNTEVSA-N']
1.0 0.67833775 ['P29274_ZZHJUEORHRSICM-VZVWNTEVSA-N']
0.0 4.1757355e-23 ['P29274_ZZHJUEORHRSICM-VZVWNTEVSA-N']
1.0 4.499668e-11 ['P29274_ZZHJUEORHRSICM-VZVWNTEVSA-N']
0.0 1.6738362e-29 ['P29274_ZZHJUEORHRSICM-VZVWNTEVSA-N']
0.0 0.0 ['P29274_ZZHJUEORHRSICM-VZVWNTEVSA-N']
0.0 0.98010045 ['P29274_ZZHJUEORHRSICM-VZVWNTEVSA-N']
0.0 0.9496699 ['P29274_ZZHJUEORHRSICM-VZVWNTEVSA-N']
0.0 2.1619965e-34 ['P29274_ZZHJUEORHRSICM-VZVWNTEVSA-N']
1.0 1.0 ['P29274_ZZHJUEORHRSICM-VZVWNTEVSA-N']
1.0 9.182204e-06 ['P29274_ZZHJUEORHRSICM-VZVWNTEVSA-N']
0.0 0.0012879231 ['P29274_ZZHJUEORHRSICM-VZVWNTEVSA-N']
0.0 0.0 ['P29274_ZZHJUEORHRSICM-VZVWNTEVSA-N']
1.0 0.28329384 ['P29274_ZZHJUEORHRSICM-VZVWNTEVSA-N']
0.0 1.33675365e-17 ['P29274_ZZHJUEORHRSICM-VZVWNTEVSA-N']
0.0 6.01264e-25 ['P29274_ZZHJUEORHRSICM-VZVWNTEVSA-N']
0.0 2.9260784e-20 ['P29274_ZZHJUEORHRSICM-VZVWNTEVSA-N']
1.0 1.0 ['P29274_ZZHJUEORHRSICM-VZVWNTEVSA-N']
0.0 5.3961264e-28 ['P29274_ZZHJUEORHRSICM-VZVWNTEVSA-N']
0.0 1.0755399e-22 ['P29274_ZZHJUEORHRSICM-VZVWNTEVSA-N']
0.0 0.99995744 ['P29274_ZZHJUEORHRSICM-VZVWNTEVSA-N']
0.0 9.4082004e-21 ['P29274_ZZHJUEORHRSICM-VZVWNTEVSA-N']
0.0 0.0 ['P29274_ZZHJUEORHRSICM-VZVWNTEVSA-N']
0.0 4.802909e-22 ['P29274_ZZHJUEORHRSICM-VZVWNTEVSA-N']
0.0 1.2389893e-12 ['P29274_ZZHJUEORHRSICM-VZVWNTEVSA-N']
0.0 1.0 ['P29274_ZZHJUEORHRSICM-VZVWNTEVSA-N']
0.0 6.709103e-15 ['P29274_ZZHJUEORHRSICM-VZVWNTEVSA-N']
1.0 0.005053612 ['P29274_ZZHJUEORHRSICM-VZVWNTEVSA-N']
1.0 2.6878597e-14 ['P29274_ZZHJUEORHRSICM-VZVWNTEVSA-N']
0.0 0.0 ['P29274_ZZHJUEORHRSICM-VZVWNTEVSA-N']
0.0 1.0604776e-12 ['P29274_ZZHJUEORHRSICM-VZVWNTEVSA-N']
0.0 0.0 ['P29274_ZZHJUEORHRSICM-VZVWNTEVSA-N']
0.0 7.61657e-39 ['P29274_ZZHJUEORHRSICM-VZVWNTEVSA-N']
0.0 0.0008598362 ['P29274_ZZHJUEORHRSICM-VZVWNTEVSA-N']
0.0 1.0 ['P29274_ZZHJUEORHRSICM-VZVWNTEVSA-N']
0.0 4.011964e-25 ['P29274_ZZHJUEORHRSICM-VZVWNTEVSA-N']
0.0 0.001719445 ['P29274_ZZHJUEORHRSICM-VZVWNTEVSA-N']
1.0 3.3017048e-07 ['P29274_ZZHJUEORHRSICM-VZVWNTEVSA-N']
0.0 0.0 ['P29274_ZZHJUEORHRSICM-VZVWNTEVSA-N']
0.0 0.0 ['P29274_ZZHJUEORHRSICM-VZVWNTEVSA-N']
1.0 1.0 ['P29274_ZZHJUEORHRSICM-VZVWNTEVSA-N']
1.0 7.595979e-10 ['P29274_ZZHJUEORHRSICM-VZVWNTEVSA-N']
0.0 1.0 ['P29274_ZZHJUEORHRSICM-VZVWNTEVSA-N']
0.0 2.2974611e-33 ['P29274_ZZHJUEORHRSICM-VZVWNTEVSA-N']
0.0 1.0 ['P29274_ZZHJUEORHRSICM-VZVWNTEVSA-N']
0.0 1.0 ['P29274_ZZHJUEORHRSICM-VZVWNTEVSA-N']
0.0 6.796502e-16 ['P29274_ZZHJUEORHRSICM-VZVWNTEVSA-N']
1.0 2.8107133e-10 ['P29274_ZZHJUEORHRSICM-VZVWNTEVSA-N']
0.0 1.2674972e-17 ['P29274_ZZHJUEORHRSICM-VZVWNTEVSA-N']
1.0 1.1546295e-12 ['P29274_ZZHJUEORHRSICM-VZVWNTEVSA-N']
0.0 0.9710486 ['P29274_ZZHJUEORHRSICM-VZVWNTEVSA-N']
1.0 0.0004271922 ['P29274_ZZHJUEORHRSICM-VZVWNTEVSA-N']
0.0 1.0 ['P29274_ZZHJUEORHRSICM-VZVWNTEVSA-N']
1.0 4.4374127e-09 ['P29274_ZZHJUEORHRSICM-VZVWNTEVSA-N']
0.0 3.7279687e-32 ['P29274_ZZHJUEORHRSICM-VZVWNTEVSA-N']
1.0 4.9875273e-32 ['P29274_ZZHJUEORHRSICM-VZVWNTEVSA-N']
0.0 0.0 ['P29274_ZZHJUEORHRSICM-VZVWNTEVSA-N']
0.0 1.7433818e-14 ['P29274_ZZHJUEORHRSICM-VZVWNTEVSA-N']
0.0 6.8805317e-22 ['P29274_ZZHJUEORHRSICM-VZVWNTEVSA-N']
0.0 1.3108311e-28 ['P29274_ZZHJUEORHRSICM-VZVWNTEVSA-N']
0.0 1.0 ['P29274_ZZHJUEORHRSICM-VZVWNTEVSA-N']
0.0 1.5385616e-21 ['P29274_ZZHJUEORHRSICM-VZVWNTEVSA-N']
0.0 1.941463e-09 ['P29274_ZZHJUEORHRSICM-VZVWNTEVSA-N']
0.0 1.4130139e-17 ['P29274_ZZHJUEORHRSICM-VZVWNTEVSA-N']
0.0 1.0 ['P29274_ZZHJUEORHRSICM-VZVWNTEVSA-N']
0.0 1.8507809e-16 ['P29274_ZZHJUEORHRSICM-VZVWNTEVSA-N']
0.0 1.0 ['P29274_ZZHJUEORHRSICM-VZVWNTEVSA-N']
0.0 0.9373554 ['P29274_ZZHJUEORHRSICM-VZVWNTEVSA-N']
0.0 1.5006963e-05 ['P29274_ZZHJUEORHRSICM-VZVWNTEVSA-N']
0.0 1.2164309e-26 ['P29274_ZZHJUEORHRSICM-VZVWNTEVSA-N']
0.0 0.0 ['P29274_ZZHJUEORHRSICM-VZVWNTEVSA-N']
0.0 2.864286e-29 ['P29274_ZZHJUEORHRSICM-VZVWNTEVSA-N']
0.0 3.8403137e-23 ['P29274_ZZHJUEORHRSICM-VZVWNTEVSA-N']
0.0 6.979292e-15 ['P29274_ZZHJUEORHRSICM-VZVWNTEVSA-N']
1.0 3.7296785e-23 ['P29274_ZZHJUEORHRSICM-VZVWNTEVSA-N']
1.0 3.42372e-16 ['P29274_ZZHJUEORHRSICM-VZVWNTEVSA-N']
1.0 1.0 ['P29274_ZZHJUEORHRSICM-VZVWNTEVSA-N']
0.0 4.0056527e-23 ['P29274_ZZHJUEORHRSICM-VZVWNTEVSA-N']
0.0 0.0 ['P29274_ZZHJUEORHRSICM-VZVWNTEVSA-N']
0.0 2.5069985e-23 ['P29274_ZZHJUEORHRSICM-VZVWNTEVSA-N']
1.0 1.0148895e-27 ['P29274_ZZHJUEORHRSICM-VZVWNTEVSA-N']
1.0 3.783501e-16 ['P29274_ZZHJUEORHRSICM-VZVWNTEVSA-N']
0.0 2.3789931e-07 ['P29274_ZZHJUEORHRSICM-VZVWNTEVSA-N']
0.0 1.052032e-31 ['P29274_ZZHJUEORHRSICM-VZVWNTEVSA-N']
0.0 8.424859e-09 ['P29274_ZZHJUEORHRSICM-VZVWNTEVSA-N']
0.0 1.064747e-21 ['P29274_ZZHJUEORHRSICM-VZVWNTEVSA-N']
0.0 0.0 ['P29274_ZZHJUEORHRSICM-VZVWNTEVSA-N']
1.0 4.4647503e-20 ['P29274_ZZHJUEORHRSICM-VZVWNTEVSA-N']
0.0 5.269691e-08 ['P29274_ZZHJUEORHRSICM-VZVWNTEVSA-N']
0.0 0.044306885 ['P29274_ZZHJUEORHRSICM-VZVWNTEVSA-N']
0.0 0.0 ['P29274_ZZHJUEORHRSICM-VZVWNTEVSA-N']
1.0 3.19876e-12 ['P29274_ZZHJUEORHRSICM-VZVWNTEVSA-N']
0.0 2.7579516e-15 ['P29274_ZZHJUEORHRSICM-VZVWNTEVSA-N']
0.0 0.99921906 ['P29274_ZZHJUEORHRSICM-VZVWNTEVSA-N']
0.0 1.4188276e-37 ['P29274_ZZHJUEORHRSICM-VZVWNTEVSA-N']
0.0 3.9269855e-34 ['P29274_ZZHJUEORHRSICM-VZVWNTEVSA-N']
0.0 0.0147181135 ['P29274_ZZHJUEORHRSICM-VZVWNTEVSA-N']
0.0 1.097493e-16 ['P29274_ZZHJUEORHRSICM-VZVWNTEVSA-N']
0.0 5.24762e-25 ['P29274_ZZHJUEORHRSICM-VZVWNTEVSA-N']
0.0 1.7723516e-38 ['P29274_ZZHJUEORHRSICM-VZVWNTEVSA-N']
0.0 2.4595316e-30 ['P29274_ZZHJUEORHRSICM-VZVWNTEVSA-N']
0.0 5.0369462e-27 ['P29274_ZZHJUEORHRSICM-VZVWNTEVSA-N']
0.0 0.0 ['P29274_ZZHJUEORHRSICM-VZVWNTEVSA-N']
1.0 1.0 ['P29274_ZZHJUEORHRSICM-VZVWNTEVSA-N']
1.0 3.1923677e-15 ['P29274_ZZHJUEORHRSICM-VZVWNTEVSA-N']
0.0 3.4743988e-13 ['P29274_ZZHJUEORHRSICM-VZVWNTEVSA-N']
1.0 3.155956e-16 ['P29274_ZZHJUEORHRSICM-VZVWNTEVSA-N']
0.0 0.0 ['P29274_ZZHJUEORHRSICM-VZVWNTEVSA-N']
1.0 0.99446636 ['P29274_ZZHJUEORHRSICM-VZVWNTEVSA-N']
0.0 0.0 ['P29274_ZZHJUEORHRSICM-VZVWNTEVSA-N']
0.0 2.0708326e-23 ['P29274_ZZHJUEORHRSICM-VZVWNTEVSA-N']
0.0 6.5748485e-05 ['P29274_ZZHJUEORHRSICM-VZVWNTEVSA-N']
0.0 0.0011307892 ['P29274_ZZHJUEORHRSICM-VZVWNTEVSA-N']
1.0 1.6159953e-06 ['P29274_ZZHJUEORHRSICM-VZVWNTEVSA-N']
0.0 6.765373e-34 ['P29274_ZZHJUEORHRSICM-VZVWNTEVSA-N']
1.0 1.0 ['P29274_ZZHJUEORHRSICM-VZVWNTEVSA-N']
1.0 2.6333023e-08 ['P29274_ZZHJUEORHRSICM-VZVWNTEVSA-N']
1.0 6.968454e-06 ['P29274_ZZHJUEORHRSICM-VZVWNTEVSA-N']
1.0 5.768145e-10 ['P29274_ZZHJUEORHRSICM-VZVWNTEVSA-N']
0.0 1.5501495e-21 ['P29274_ZZHJUEORHRSICM-VZVWNTEVSA-N']
1.0 1.1408692e-22 ['P29274_ZZHJUEORHRSICM-VZVWNTEVSA-N']
0.0 1.4321298e-20 ['P29274_ZZHJUEORHRSICM-VZVWNTEVSA-N']
0.0 8.363512e-30 ['P29274_ZZHJUEORHRSICM-VZVWNTEVSA-N']
0.0 0.5027883 ['P29274_ZZHJUEORHRSICM-VZVWNTEVSA-N']
0.0 2.9262832e-25 ['P29274_ZZHJUEORHRSICM-VZVWNTEVSA-N']
0.0 2.1206916e-17 ['P29274_ZZHJUEORHRSICM-VZVWNTEVSA-N']
0.0 1.8234057e-19 ['P29274_ZZHJUEORHRSICM-VZVWNTEVSA-N']
0.0 3.1470084e-18 ['P29274_ZZHJUEORHRSICM-VZVWNTEVSA-N']
0.0 1.8275805e-15 ['P29274_ZZHJUEORHRSICM-VZVWNTEVSA-N']
0.0 2.5153565e-08 ['P29274_ZZHJUEORHRSICM-VZVWNTEVSA-N']
0.0 3.0039383e-26 ['P29274_ZZHJUEORHRSICM-VZVWNTEVSA-N']
0.0 1.538869e-18 ['P29274_ZZHJUEORHRSICM-VZVWNTEVSA-N']
1.0 6.861018e-11 ['P29274_ZZHJUEORHRSICM-VZVWNTEVSA-N']
0.0 1.6906467e-17 ['P29274_ZZHJUEORHRSICM-VZVWNTEVSA-N']
0.0 3.37177e-32 ['P29274_ZZHJUEORHRSICM-VZVWNTEVSA-N']
0.0 1.2747735e-35 ['P29274_ZZHJUEORHRSICM-VZVWNTEVSA-N']
1.0 3.6352745e-07 ['P29274_ZZHJUEORHRSICM-VZVWNTEVSA-N']
0.0 1.913981e-22 ['P29274_ZZHJUEORHRSICM-VZVWNTEVSA-N']
0.0 2.1033263e-20 ['P29274_ZZHJUEORHRSICM-VZVWNTEVSA-N']
1.0 2.46361e-09 ['P29274_ZZHJUEORHRSICM-VZVWNTEVSA-N']
0.0 8.173531e-18 ['P29274_ZZHJUEORHRSICM-VZVWNTEVSA-N']
0.0 1.6602284e-28 ['P29274_ZZHJUEORHRSICM-VZVWNTEVSA-N']
0.0 1.5600485e-16 ['P29274_ZZHJUEORHRSICM-VZVWNTEVSA-N']
0.0 0.99993455 ['P29274_ZZHJUEORHRSICM-VZVWNTEVSA-N']
0.0 0.0 ['P29274_ZZHJUEORHRSICM-VZVWNTEVSA-N']
0.0 6.632353e-16 ['P29274_ZZHJUEORHRSICM-VZVWNTEVSA-N']
0.0 4.4930836e-14 ['P29274_ZZHJUEORHRSICM-VZVWNTEVSA-N']
1.0 0.72358465 ['P29274_ZZHJUEORHRSICM-VZVWNTEVSA-N']
1.0 2.672156e-05 ['P29274_ZZHJUEORHRSICM-VZVWNTEVSA-N']
0.0 0.0 ['P29274_ZZHJUEORHRSICM-VZVWNTEVSA-N']
0.0 1.03936716e-23 ['P29274_ZZHJUEORHRSICM-VZVWNTEVSA-N']
0.0 1.7840166e-33 ['P29274_ZZHJUEORHRSICM-VZVWNTEVSA-N']
1.0 3.65025e-08 ['P29274_ZZHJUEORHRSICM-VZVWNTEVSA-N']
0.0 0.0 ['P29274_ZZHJUEORHRSICM-VZVWNTEVSA-N']
0.0 1.850767e-16 ['P29274_ZZHJUEORHRSICM-VZVWNTEVSA-N']
0.0 1.9658463e-29 ['P29274_ZZHJUEORHRSICM-VZVWNTEVSA-N']
1.0 5.2141828e-15 ['P29274_ZZHJUEORHRSICM-VZVWNTEVSA-N']
1.0 0.00020907099 ['P29274_ZZHJUEORHRSICM-VZVWNTEVSA-N']
0.0 2.2127837e-21 ['P29274_ZZHJUEORHRSICM-VZVWNTEVSA-N']
0.0 1.0832218e-17 ['P29274_ZZHJUEORHRSICM-VZVWNTEVSA-N']
0.0 4.096804e-20 ['P29274_ZZHJUEORHRSICM-VZVWNTEVSA-N']
0.0 0.1967894 ['P29274_ZZHJUEORHRSICM-VZVWNTEVSA-N']
0.0 4.579243e-07 ['P29274_ZZHJUEORHRSICM-VZVWNTEVSA-N']
0.0 6.0981232e-27 ['P29274_ZZHJUEORHRSICM-VZVWNTEVSA-N']
0.0 1.0 ['P29274_ZZHJUEORHRSICM-VZVWNTEVSA-N']
0.0 0.0 ['P29274_ZZHJUEORHRSICM-VZVWNTEVSA-N']
0.0 6.939124e-23 ['P29274_ZZHJUEORHRSICM-VZVWNTEVSA-N']
0.0 1.0739003e-14 ['P29274_ZZHJUEORHRSICM-VZVWNTEVSA-N']
0.0 3.8600588e-28 ['P29274_ZZHJUEORHRSICM-VZVWNTEVSA-N']
0.0 1.0741222e-09 ['P29274_ZZHJUEORHRSICM-VZVWNTEVSA-N']
0.0 3.9917143e-21 ['P29274_ZZHJUEORHRSICM-VZVWNTEVSA-N']
0.0 0.9999999 ['P29274_ZZHJUEORHRSICM-VZVWNTEVSA-N']
1.0 0.0015456121 ['P29274_ZZHJUEORHRSICM-VZVWNTEVSA-N']
0.0 1.02252965e-19 ['P29274_ZZHJUEORHRSICM-VZVWNTEVSA-N']
0.0 0.0110566905 ['P29274_ZZHJUEORHRSICM-VZVWNTEVSA-N']
0.0 0.0 ['P29274_ZZHJUEORHRSICM-VZVWNTEVSA-N']
0.0 0.0 ['P29274_ZZHJUEORHRSICM-VZVWNTEVSA-N']
0.0 1.0318877e-25 ['P29274_ZZHJUEORHRSICM-VZVWNTEVSA-N']
0.0 1.4915553e-28 ['P29274_ZZHJUEORHRSICM-VZVWNTEVSA-N']
1.0 0.85752016 ['P29274_ZZHJUEORHRSICM-VZVWNTEVSA-N']
0.0 0.0 ['P29274_ZZHJUEORHRSICM-VZVWNTEVSA-N']
0.0 8.2498993e-26 ['P29274_ZZHJUEORHRSICM-VZVWNTEVSA-N']
1.0 3.5989016e-29 ['P29274_ZZHJUEORHRSICM-VZVWNTEVSA-N']
0.0 0.010463358 ['P29274_ZZHJUEORHRSICM-VZVWNTEVSA-N']
1.0 0.9999299 ['P29274_ZZHJUEORHRSICM-VZVWNTEVSA-N']
0.0 3.2923668e-26 ['P29274_ZZHJUEORHRSICM-VZVWNTEVSA-N']
0.0 2.7573169e-25 ['P29274_ZZHJUEORHRSICM-VZVWNTEVSA-N']
1.0 2.19376e-24 ['P29274_ZZHJUEORHRSICM-VZVWNTEVSA-N']
1.0 1.0 ['P29274_ZZHJUEORHRSICM-VZVWNTEVSA-N']
1.0 7.399016e-29 ['P29274_ZZHJUEORHRSICM-VZVWNTEVSA-N']
0.0 5.2712014e-22 ['P29274_ZZHJUEORHRSICM-VZVWNTEVSA-N']
0.0 6.286784e-26 ['P29274_ZZHJUEORHRSICM-VZVWNTEVSA-N']
1.0 1.0 ['P29274_ZZHJUEORHRSICM-VZVWNTEVSA-N']
0.0 0.0041522 ['P29274_ZZHJUEORHRSICM-VZVWNTEVSA-N']
0.0 1.9958033e-17 ['P29274_ZZHJUEORHRSICM-VZVWNTEVSA-N']
1.0 1.2994803e-12 ['P29274_ZZHJUEORHRSICM-VZVWNTEVSA-N']
0.0 3.3455222e-22 ['P29274_ZZHJUEORHRSICM-VZVWNTEVSA-N']
0.0 4.7449245e-30 ['P29274_ZZHJUEORHRSICM-VZVWNTEVSA-N']
1.0 1.0 ['P29274_ZZHJUEORHRSICM-VZVWNTEVSA-N']
0.0 5.4170288e-17 ['P29274_ZZHJUEORHRSICM-VZVWNTEVSA-N']
0.0 2.7572644e-25 ['P29274_ZZHJUEORHRSICM-VZVWNTEVSA-N']
0.0 7.1419214e-20 ['P29274_ZZHJUEORHRSICM-VZVWNTEVSA-N']
0.0 1.554242e-35 ['P29274_ZZHJUEORHRSICM-VZVWNTEVSA-N']
0.0 0.99987686 ['P29274_ZZHJUEORHRSICM-VZVWNTEVSA-N']
1.0 6.416312e-10 ['P29274_ZZHJUEORHRSICM-VZVWNTEVSA-N']
0.0 0.0 ['P29274_ZZHJUEORHRSICM-VZVWNTEVSA-N']
0.0 0.0 ['P29274_ZZHJUEORHRSICM-VZVWNTEVSA-N']
0.0 0.004829392 ['P29274_ZZHJUEORHRSICM-VZVWNTEVSA-N']
0.0 0.99999976 ['P29274_ZZHJUEORHRSICM-VZVWNTEVSA-N']
1.0 0.00010108231 ['P29274_ZZHJUEORHRSICM-VZVWNTEVSA-N']
1.0 1.213294e-05 ['P29274_ZZHJUEORHRSICM-VZVWNTEVSA-N']
0.0 5.5443647e-26 ['P29274_ZZHJUEORHRSICM-VZVWNTEVSA-N']
0.0 0.0 ['P29274_ZZHJUEORHRSICM-VZVWNTEVSA-N']
0.0 0.0 ['P29274_ZZHJUEORHRSICM-VZVWNTEVSA-N']
0.0 2.12817e-11 ['P29274_ZZHJUEORHRSICM-VZVWNTEVSA-N']
1.0 1.0 ['P29274_ZZHJUEORHRSICM-VZVWNTEVSA-N']
0.0 0.22290057 ['P29274_ZZHJUEORHRSICM-VZVWNTEVSA-N']
0.0 5.516017e-24 ['P29274_ZZHJUEORHRSICM-VZVWNTEVSA-N']
0.0 1.3802225e-26 ['P29274_ZZHJUEORHRSICM-VZVWNTEVSA-N']
0.0 1.0 ['P29274_ZZHJUEORHRSICM-VZVWNTEVSA-N']
0.0 0.0 ['P29274_ZZHJUEORHRSICM-VZVWNTEVSA-N']
0.0 0.0 ['P29274_ZZHJUEORHRSICM-VZVWNTEVSA-N']
0.0 6.997943e-14 ['P29274_ZZHJUEORHRSICM-VZVWNTEVSA-N']
1.0 8.640544e-11 ['P29274_ZZHJUEORHRSICM-VZVWNTEVSA-N']
0.0 3.3667222e-15 ['P29274_ZZHJUEORHRSICM-VZVWNTEVSA-N']
0.0 1.0 ['P29274_ZZHJUEORHRSICM-VZVWNTEVSA-N']
0.0 1.1894901e-19 ['P29274_ZZHJUEORHRSICM-VZVWNTEVSA-N']
0.0 6.0298115e-13 ['P29274_ZZHJUEORHRSICM-VZVWNTEVSA-N']
0.0 0.0075682574 ['P29274_ZZHJUEORHRSICM-VZVWNTEVSA-N']
0.0 0.3032086 ['P29274_ZZHJUEORHRSICM-VZVWNTEVSA-N']
0.0 9.471919e-33 ['P29274_ZZHJUEORHRSICM-VZVWNTEVSA-N']
0.0 1.0 ['P29274_ZZHJUEORHRSICM-VZVWNTEVSA-N']
1.0 1.3646382e-32 ['P29274_ZZHJUEORHRSICM-VZVWNTEVSA-N']
0.0 5.0056195e-05 ['P29274_ZZHJUEORHRSICM-VZVWNTEVSA-N']
AUC: 0.7163361553845327
TPR:  0.46184738955823296
precision:  0.46184738955823296
accuracy:  0.6954436450839329
MCC:  0.15522502220997028
pos_num:  489
neg_num:  1179
